[+] Containers:
 |- [+] Container: /Game/ThirdPerson/Maps/ThirdPersonMap
 |   |- [+] ActorDescs:
 |   |   |- Guid:00187AC0482F9788225A49A3003BAFA8 BaseClass: NativeClass:/Script/Engine.StaticMeshActor Name:StaticMeshActor_UAID_A4BB6D9AB85A1FAF01_1632248436 Label:Box13 SpatiallyLoaded:1 Bounds:IsValid=true, Min=(X=-2323.581 Y=1026.696 Z=-25.753), Max=(X=-921.911 Y=1092.299 Z=1138.389) RuntimeGrid:None EditorOnly:0 RuntimeOnly:0 HLODRelevant:0
 |   |   |- Guid:020D05CD4DE0A5BCE77DA096184274DA BaseClass: NativeClass:/Script/Engine.StaticMeshActor Name:StaticMeshActor_UAID_A4BB6D9AB85A21AF01_2089004826 Label:Box31 SpatiallyLoaded:1 Bounds:IsValid=true, Min=(X=-649.145 Y=3897.583 Z=-20.000), Max=(X=9.145 Y=4562.417 Z=419.126) RuntimeGrid:None EditorOnly:0 RuntimeOnly:0 HLODRelevant:0
 |   |   |- Guid:038701A64CD148D9948B17927B5A3DDB BaseClass: NativeClass:/Script/Engine.StaticMeshActor Name:StaticMeshActor_UAID_507C6F563ECEBFAF01_1738423585 Label:Counter8 SpatiallyLoaded:1 Bounds:IsValid=true, Min=(X=2090.886 Y=-2093.191 Z=46.248), Max=(X=2529.244 Y=-1676.607 Z=425.951) RuntimeGrid:None EditorOnly:0 RuntimeOnly:0 HLODRelevant:1
 |   |   |- Guid:047DDFD44F219E85AE490BA933B7AA1F BaseClass: NativeClass:/Script/Engine.StaticMeshActor Name:StaticMeshActor_UAID_507C6F563ECEC1AF01_2046459939 Label:Box14 SpatiallyLoaded:1 Bounds:IsValid=true, Min=(X=3113.592 Y=-1338.772 Z=41.446), Max=(X=3637.920 Y=-978.316 Z=506.157) RuntimeGrid:None EditorOnly:0 RuntimeOnly:0 HLODRelevant:0
 |   |   |- Guid:051F87934A7A89D61360B49E541C122A BaseClass: NativeClass:/Script/Engine.StaticMeshActor Name:StaticMeshActor_UAID_507C6F563ECEC1AF01_1973597936 Label:Box10 SpatiallyLoaded:1 Bounds:IsValid=true, Min=(X=3062.708 Y=-1244.723 Z=41.446), Max=(X=3587.037 Y=-884.267 Z=506.157) RuntimeGrid:None EditorOnly:0 RuntimeOnly:0 HLODRelevant:0
 |   |   |- Guid:06477D3C492592E098D76BBFF64D49CF BaseClass: NativeClass:/Script/Engine.StaticMeshActor Name:StaticMeshActor_UAID_A4BB6D9AB85A1FAF01_1356710427 Label:Stairs3 SpatiallyLoaded:1 Bounds:IsValid=true, Min=(X=-3780.387 Y=4602.187 Z=880.283), Max=(X=-3067.093 Y=5126.802 Z=1355.812) RuntimeGrid:None EditorOnly:0 RuntimeOnly:0 HLODRelevant:0
 |   |   |- Guid:093B9D17458DCED0746F878573081BCC BaseClass: NativeClass:/Script/Engine.StaticMeshActor Name:StaticMeshActor_UAID_507C6F563ECEBFAF01_1368168575 Label:Island SpatiallyLoaded:1 Bounds:IsValid=true, Min=(X=-273.465 Y=-1755.090 Z=46.248), Max=(X=1415.654 Y=-938.112 Z=422.511) RuntimeGrid:None EditorOnly:0 RuntimeOnly:0 HLODRelevant:1
 |   |   |- Guid:0973BAF94850E8F59695DABFE249EB94 BaseClass: NativeClass:/Script/Engine.StaticMeshActor Name:StaticMeshActor_UAID_A4BB6D9AB85A2AAF01_1666787355 Label:Basic_Door_3 SpatiallyLoaded:1 Bounds:IsValid=true, Min=(X=1428.828 Y=-426.374 Z=50.000), Max=(X=1670.936 Y=103.856 Z=957.992) RuntimeGrid:None EditorOnly:0 RuntimeOnly:0 HLODRelevant:1
 |   |   |- Guid:0F218D3D42DFAC70A3C2ABBCFED85DD0 BaseClass: NativeClass:/Script/Engine.StaticMeshActor Name:StaticMeshActor_UAID_A4BB6D9AB85A2AAF01_1555716354 Label:Boolean8 SpatiallyLoaded:1 Bounds:IsValid=true, Min=(X=-961.592 Y=-2588.713 Z=-25.753), Max=(X=-895.988 Y=5144.338 Z=1138.389) RuntimeGrid:None EditorOnly:0 RuntimeOnly:0 HLODRelevant:0
 |   |   |- Guid:1155952D48F513769AD88A892E98FE69 BaseClass: NativeClass:/Script/Engine.StaticMeshActor Name:StaticMeshActor_UAID_A4BB6D9AB85A20AF01_1763404629 Label:Cube2 SpatiallyLoaded:1 Bounds:IsValid=true, Min=(X=2495.629 Y=-2525.649 Z=-26.248), Max=(X=6464.371 Y=5085.649 Z=46.248) RuntimeGrid:None EditorOnly:0 RuntimeOnly:0 HLODRelevant:1
 |   |   |- Guid:1240421647C046A9530E4495260D7515 BaseClass: NativeClass:/Script/Engine.StaticMeshActor Name:StaticMeshActor_UAID_A4BB6D9AB85A1EAF01_2030343243 Label:Box SpatiallyLoaded:1 Bounds:IsValid=true, Min=(X=-3777.833 Y=-2588.713 Z=-25.753), Max=(X=-3712.229 Y=5144.338 Z=1138.389) RuntimeGrid:None EditorOnly:0 RuntimeOnly:0 HLODRelevant:0
 |   |   |- Guid:24BCBE9740023BBBC24B5B8A4AD994B9 BaseClass: NativeClass:/Script/Engine.StaticMeshActor Name:StaticMeshActor_UAID_A4BB6D9AB85A1EAF01_2109860244 Label:Box2 SpatiallyLoaded:1 Bounds:IsValid=true, Min=(X=-3746.762 Y=-2583.305 Z=-25.753), Max=(X=2601.271 Y=-2517.701 Z=1138.389) RuntimeGrid:None EditorOnly:0 RuntimeOnly:0 HLODRelevant:0
 |   |   |- Guid:264080B542BD1F75BD0DFEAD79E1D4AF BaseClass: NativeClass:/Script/Engine.StaticMeshActor Name:StaticMeshActor_UAID_A4BB6D9AB85A21AF01_2065372825 Label:Box30 SpatiallyLoaded:1 Bounds:IsValid=true, Min=(X=152.047 Y=2948.483 Z=-20.000), Max=(X=1567.953 Y=3391.517 Z=419.126) RuntimeGrid:None EditorOnly:0 RuntimeOnly:0 HLODRelevant:0
 |   |   |- Guid:2904B52D4EAF4F6398FC28B347705179 BaseClass: NativeClass:/Script/Engine.StaticMeshActor Name:StaticMeshActor_UAID_507C6F563ECEC1AF01_1782896935 Label:Wheelbarrow SpatiallyLoaded:1 Bounds:IsValid=true, Min=(X=2690.361 Y=-1731.455 Z=30.829), Max=(X=3443.331 Y=-741.542 Z=437.341) RuntimeGrid:None EditorOnly:0 RuntimeOnly:0 HLODRelevant:1
 |   |   |- Guid:2A20A0254536FE7C1C05B38E85944B14 BaseClass: NativeClass:/Script/Engine.StaticMeshActor Name:StaticMeshActor_UAID_507C6F563ECEC1AF01_1729454932 Label:Cuboard6 SpatiallyLoaded:1 Bounds:IsValid=true, Min=(X=1148.581 Y=-2515.169 Z=670.000), Max=(X=1411.419 Y=-2347.303 Z=1070.718) RuntimeGrid:None EditorOnly:0 RuntimeOnly:0 HLODRelevant:1
 |   |   |- Guid:2AE8D5E241B7CC3457EE8DB607349950 BaseClass: NativeClass:/Script/Engine.StaticMeshActor Name:StaticMeshActor_UAID_A4BB6D9AB85A22AF01_1625834031 Label:Boolean SpatiallyLoaded:1 Bounds:IsValid=true, Min=(X=2528.408 Y=-2588.713 Z=-25.753), Max=(X=2594.012 Y=5144.338 Z=1138.389) RuntimeGrid:None EditorOnly:0 RuntimeOnly:0 HLODRelevant:0
 |   |   |- Guid:2FB58999456391D349DC0F86DAC136ED BaseClass: NativeClass:/Script/Engine.SkyLight Name:SkyLight_1 Label:SkyLight SpatiallyLoaded:0 Bounds:IsValid=true, Min=(X=0.000 Y=0.000 Z=690.000), Max=(X=0.000 Y=0.000 Z=690.000) RuntimeGrid:None EditorOnly:0 RuntimeOnly:0 HLODRelevant:0 FolderPath:Lighting FolderGuid:963EC3EB4002CCE9759E2EBA541A873A
 |   |   |- Guid:316CF2A6494ACA4C0E4180A87D36AB8F BaseClass: NativeClass:/Script/Engine.ExponentialHeightFog Name:ExponentialHeightFog_0 Label:ExponentialHeightFog SpatiallyLoaded:0 Bounds:IsValid=true, Min=(X=-5600.000 Y=-50.000 Z=-6850.000), Max=(X=-5600.000 Y=-50.000 Z=-6850.000) RuntimeGrid:None EditorOnly:0 RuntimeOnly:0 HLODRelevant:0 FolderPath:Lighting FolderGuid:963EC3EB4002CCE9759E2EBA541A873A
 |   |   |- Guid:31F839C4492DC2CB1DA38CAA66AC7254 BaseClass: NativeClass:/Script/Engine.StaticMeshActor Name:StaticMeshActor_UAID_507C6F563ECEBFAF01_1637094580 Label:Counter4 SpatiallyLoaded:1 Bounds:IsValid=true, Min=(X=453.235 Y=-2524.891 Z=46.248), Max=(X=869.819 Y=-2086.533 Z=425.951) RuntimeGrid:None EditorOnly:0 RuntimeOnly:0 HLODRelevant:1
 |   |   |- Guid:356FB4BC44DEEAEA726D86904FB80CB8 BaseClass: NativeClass:/Script/Engine.StaticMeshActor Name:StaticMeshActor_UAID_A4BB6D9AB85A1FAF01_1377235428 Label:Box5 SpatiallyLoaded:1 Bounds:IsValid=true, Min=(X=-2967.670 Y=4602.330 Z=50.000), Max=(X=-2512.330 Y=5057.670 Z=505.340) RuntimeGrid:None EditorOnly:0 RuntimeOnly:0 HLODRelevant:0
 |   |   |- Guid:38D5B21B45D78FAB38317AA21C64E8E3 BaseClass:/Game/Jamifesto2023/Blueprints/Components/Checkpoint.Checkpoint_C NativeClass:/Script/Engine.Actor Name:Checkpoint_C_UAID_047C16752F6932AF01_1560162762 Label:Checkpoint3 SpatiallyLoaded:1 Bounds:IsValid=true, Min=(X=-1062.000 Y=204.000 Z=68.000), Max=(X=-998.000 Y=796.000 Z=132.000) RuntimeGrid:None EditorOnly:0 RuntimeOnly:0 HLODRelevant:0
 |   |   |- Guid:43482F3148799153331191BC99427BE8 BaseClass: NativeClass:/Script/Engine.StaticMeshActor Name:StaticMeshActor_UAID_A4BB6D9AB85A1FAF01_1402539431 Label:Box8 SpatiallyLoaded:1 Bounds:IsValid=true, Min=(X=-3741.025 Y=4602.330 Z=450.000), Max=(X=-3118.975 Y=5057.670 Z=905.340) RuntimeGrid:None EditorOnly:0 RuntimeOnly:0 HLODRelevant:0
 |   |   |- Guid:4A8948D44AAD8E7A59DF2B96C0007105 BaseClass: NativeClass:/Script/Engine.StaticMeshActor Name:StaticMeshActor_UAID_A4BB6D9AB85A21AF01_2120708828 Label:Box33 SpatiallyLoaded:1 Bounds:IsValid=true, Min=(X=122.047 Y=4780.997 Z=-30.000), Max=(X=1537.953 Y=5019.003 Z=387.586) RuntimeGrid:None EditorOnly:0 RuntimeOnly:0 HLODRelevant:0
 |   |   |- Guid:4D3BE93F4146AAAC8BBE79999D96D57F BaseClass: NativeClass:/Script/Engine.VolumetricCloud Name:VolumetricCloud_0 Label:VolumetricCloud SpatiallyLoaded:0 Bounds:IsValid=true, Min=(X=0.000 Y=0.000 Z=820.000), Max=(X=0.000 Y=0.000 Z=820.000) RuntimeGrid:None EditorOnly:0 RuntimeOnly:0 HLODRelevant:0 FolderPath:Lighting FolderGuid:963EC3EB4002CCE9759E2EBA541A873A
 |   |   |- Guid:51C10B5E45C07F1D04905980F98A3125 BaseClass: NativeClass:/Script/Engine.StaticMeshActor Name:StaticMeshActor_UAID_A4BB6D9AB85A22AF01_1602135027 Label:Boolean7 SpatiallyLoaded:1 Bounds:IsValid=true, Min=(X=-3773.996 Y=-33.304 Z=-25.753), Max=(X=-931.495 Y=32.299 Z=1138.389) RuntimeGrid:None EditorOnly:0 RuntimeOnly:0 HLODRelevant:0
 |   |   |- Guid:5CFF8C2C40AE0C3F248E80825EBAF1A3 BaseClass: NativeClass:/Script/Engine.StaticMeshActor Name:StaticMeshActor_UAID_507C6F563ECEBFAF01_1578860577 Label:Counter2 SpatiallyLoaded:1 Bounds:IsValid=true, Min=(X=-372.943 Y=-2524.891 Z=46.248), Max=(X=43.641 Y=-2086.533 Z=425.951) RuntimeGrid:None EditorOnly:0 RuntimeOnly:0 HLODRelevant:1
 |   |   |- Guid:5E68D9DE4E4F3C9932A6379B0390376D BaseClass:/Game/Jamifesto2023/Blueprints/Components/Checkpoint.Checkpoint_C NativeClass:/Script/Engine.Actor Name:Checkpoint_C_UAID_047C16752F6932AF01_1542061761 Label:Checkpoint2 SpatiallyLoaded:1 Bounds:IsValid=true, Min=(X=-3296.000 Y=2188.000 Z=68.000), Max=(X=-2704.000 Y=2252.000 Z=132.000) RuntimeGrid:None EditorOnly:0 RuntimeOnly:0 HLODRelevant:0
 |   |   |- Guid:5FCD3ED447840A9107CD8ABC81A7EFE0 BaseClass: NativeClass:/Script/Engine.StaticMeshActor Name:StaticMeshActor_UAID_A4BB6D9AB85A22AF01_1596991026 Label:Boolean6 SpatiallyLoaded:1 Bounds:IsValid=true, Min=(X=-2335.547 Y=1042.321 Z=-25.753), Max=(X=-2269.944 Y=2216.674 Z=1138.389) RuntimeGrid:None EditorOnly:0 RuntimeOnly:0 HLODRelevant:0
 |   |   |- Guid:670CC4834878DD68B9C04EB00CB3B46E BaseClass: NativeClass:/Script/Engine.StaticMeshActor Name:StaticMeshActor_UAID_A4BB6D9AB85A22AF01_1081988006 Label:Box35 SpatiallyLoaded:1 Bounds:IsValid=true, Min=(X=-126.897 Y=4822.377 Z=-30.000), Max=(X=26.897 Y=4977.623 Z=680.016) RuntimeGrid:None EditorOnly:0 RuntimeOnly:0 HLODRelevant:0
 |   |   |- Guid:6B00B74D4B7B306ACCB05FABB7B68CB0 BaseClass: NativeClass:/Script/Engine.StaticMeshActor Name:StaticMeshActor_UAID_A4BB6D9AB85A22AF01_1621251030 Label:Boolean9 SpatiallyLoaded:1 Bounds:IsValid=true, Min=(X=-944.481 Y=-443.304 Z=-25.753), Max=(X=2578.990 Y=-377.701 Z=1138.389) RuntimeGrid:None EditorOnly:0 RuntimeOnly:0 HLODRelevant:0
 |   |   |- Guid:6BAF4DDD444C60371492D3919DB42C97 BaseClass: NativeClass:/Script/Engine.WorldDataLayers Name:WorldDataLayers Label:WorldDataLayers SpatiallyLoaded:0 Bounds:IsValid=true, Min=(X=0.000 Y=0.000 Z=0.000), Max=(X=0.000 Y=0.000 Z=0.000) RuntimeGrid:None EditorOnly:0 RuntimeOnly:0 HLODRelevant:0
 |   |   |- Guid:74BCF1A349FB1FA234FB26BF40B9EBB3 BaseClass: NativeClass:/Script/Engine.StaticMeshActor Name:StaticMeshActor_UAID_507C6F563ECEC1AF01_1705181929 Label:Cuboard3 SpatiallyLoaded:1 Bounds:IsValid=true, Min=(X=318.581 Y=-2515.169 Z=670.000), Max=(X=581.419 Y=-2347.303 Z=1070.718) RuntimeGrid:None EditorOnly:0 RuntimeOnly:0 HLODRelevant:1
 |   |   |- Guid:7A0F9FD147583A126F8A5A8B1E81AC39 BaseClass: NativeClass:/Script/Engine.PlayerStart Name:PlayerStart_UAID_90203A1BF9BEB3AF01_1574749483 Label:PlayerStart3 SpatiallyLoaded:0 Bounds:IsValid=true, Min=(X=-3440.000 Y=3880.000 Z=50.013), Max=(X=-3360.000 Y=3960.000 Z=234.013) RuntimeGrid:None EditorOnly:0 RuntimeOnly:0 HLODRelevant:0
 |   |   |- Guid:81D3455B47BEAE34A1B70E9D1CCB2F0C BaseClass: NativeClass:/Script/Engine.StaticMeshActor Name:StaticMeshActor_UAID_A4BB6D9AB85A22AF01_1435413022 Label:Box41 SpatiallyLoaded:1 Bounds:IsValid=true, Min=(X=1904.774 Y=4962.081 Z=30.000), Max=(X=2335.226 Y=5177.919 Z=961.564) RuntimeGrid:None EditorOnly:0 RuntimeOnly:0 HLODRelevant:0
 |   |   |- Guid:84B144554F8CCF19D5B3B9842B23A87B BaseClass: NativeClass:/Script/Engine.StaticMeshActor Name:StaticMeshActor_UAID_A4BB6D9AB85A2AAF01_1362980351 Label:Basic_Door_001 SpatiallyLoaded:1 Bounds:IsValid=true, Min=(X=-950.085 Y=3426.735 Z=50.000), Max=(X=-707.977 Y=3956.965 Z=957.992) RuntimeGrid:None EditorOnly:0 RuntimeOnly:0 HLODRelevant:1
 |   |   |- Guid:8A43FDFA41F14EB295E0FF845996C731 BaseClass: NativeClass:/Script/Engine.StaticMeshActor Name:StaticMeshActor_UAID_A4BB6D9AB85A20AF01_1664113625 Label:Boolean3 SpatiallyLoaded:1 Bounds:IsValid=true, Min=(X=-944.481 Y=1706.696 Z=-25.753), Max=(X=2578.990 Y=1772.299 Z=1138.389) RuntimeGrid:None EditorOnly:0 RuntimeOnly:0 HLODRelevant:0
 |   |   |- Guid:95B7E13E4F00ED94609072972CEEC7BC BaseClass: NativeClass:/Script/Engine.StaticMeshActor Name:StaticMeshActor_UAID_507C6F563ECEC1AF01_1721394930 Label:Cuboard4 SpatiallyLoaded:1 Bounds:IsValid=true, Min=(X=628.581 Y=-2515.169 Z=670.000), Max=(X=891.419 Y=-2347.303 Z=1070.718) RuntimeGrid:None EditorOnly:0 RuntimeOnly:0 HLODRelevant:1
 |   |   |- Guid:979761B24FF4A2BABE1E88B0512744FF BaseClass: NativeClass:/Script/Engine.StaticMeshActor Name:StaticMeshActor_UAID_A4BB6D9AB85A22AF01_1387997020 Label:Box40 SpatiallyLoaded:1 Bounds:IsValid=true, Min=(X=-735.226 Y=4962.081 Z=30.000), Max=(X=-304.774 Y=5177.919 Z=961.564) RuntimeGrid:None EditorOnly:0 RuntimeOnly:0 HLODRelevant:0
 |   |   |- Guid:991DB17040BCCE2DE2C383B75F2FB7D1 BaseClass:/Game/Jamifesto2023/Blueprints/BP_StartingCharacter.BP_StartingCharacter_C NativeClass:/Script/Engine.Character Name:BP_StartingCharacter_C_UAID_90203A1BF9BEB3AF01_1787987485 Label:BP_StartingCharacter SpatiallyLoaded:1 Bounds:IsValid=true, Min=(X=696.000 Y=3106.000 Z=420.000), Max=(X=764.000 Y=3174.000 Z=596.000) RuntimeGrid:None EditorOnly:0 RuntimeOnly:0 HLODRelevant:0
 |   |   |- Guid:9B13554D419121DEC6476592D5180A89 BaseClass:/Game/Jamifesto2023/Blueprints/Components/Checkpoint.Checkpoint_C NativeClass:/Script/Engine.Actor Name:Checkpoint_C_UAID_047C16752F6932AF01_1475664760 Label:Checkpoint SpatiallyLoaded:1 Bounds:IsValid=true, Min=(X=-902.000 Y=3314.000 Z=68.000), Max=(X=-838.000 Y=3906.000 Z=132.000) RuntimeGrid:None EditorOnly:0 RuntimeOnly:0 HLODRelevant:0
 |   |   |- Guid:9D54B307418FBAC1917A2B953AEBE352 BaseClass: NativeClass:/Script/Engine.StaticMeshActor Name:StaticMeshActor_UAID_A4BB6D9AB85A1FAF01_1398856430 Label:Box7 SpatiallyLoaded:1 Bounds:IsValid=true, Min=(X=-3737.670 Y=4602.330 Z=50.000), Max=(X=-3282.330 Y=5057.670 Z=505.340) RuntimeGrid:None EditorOnly:0 RuntimeOnly:0 HLODRelevant:0
 |   |   |- Guid:A0748A1F415E952462C665AA6022A706 BaseClass: NativeClass:/Script/Engine.StaticMeshActor Name:StaticMeshActor_UAID_507C6F563ECEBFAF01_1670698584 Label:Box4 SpatiallyLoaded:1 Bounds:IsValid=true, Min=(X=2092.850 Y=-2529.954 Z=25.472), Max=(X=2530.216 Y=-2087.530 Z=425.671) RuntimeGrid:None EditorOnly:0 RuntimeOnly:0 HLODRelevant:0
 |   |   |- Guid:A73D3D1343BC25D230BB8FAB241DC75C BaseClass: NativeClass:/Script/Engine.StaticMeshActor Name:StaticMeshActor_UAID_A4BB6D9AB85A21AF01_2109264827 Label:Box32 SpatiallyLoaded:1 Bounds:IsValid=true, Min=(X=1544.128 Y=3504.412 Z=-20.000), Max=(X=2175.872 Y=4155.588 Z=419.126) RuntimeGrid:None EditorOnly:0 RuntimeOnly:0 HLODRelevant:0
 |   |   |- Guid:A8EAC9F54DECC8A54631C7A3C5B31830 BaseClass: NativeClass:/Script/Engine.StaticMeshActor Name:StaticMeshActor_UAID_A4BB6D9AB85A1FAF01_1395642429 Label:Box6 SpatiallyLoaded:1 Bounds:IsValid=true, Min=(X=-3367.670 Y=4602.330 Z=50.000), Max=(X=-2912.330 Y=5057.670 Z=505.340) RuntimeGrid:None EditorOnly:0 RuntimeOnly:0 HLODRelevant:0
 |   |   |- Guid:A91F90D3468CD57DB9FEC49F0DD5F9EA BaseClass: NativeClass:/Script/Engine.StaticMeshActor Name:StaticMeshActor_UAID_A4BB6D9AB85A1EAF01_1437411241 Label:Cylinder SpatiallyLoaded:1 Bounds:IsValid=true, Min=(X=-3481.717 Y=-22891.165 Z=42.509), Max=(X=-3331.717 Y=-22741.165 Z=73.519) RuntimeGrid:None EditorOnly:0 RuntimeOnly:0 HLODRelevant:1
 |   |   |- Guid:A978D5514AF968E4E435A094DC496EC9 BaseClass: NativeClass:/Script/Engine.StaticMeshActor Name:StaticMeshActor_UAID_507C6F563ECEBFAF01_1616008578 Label:Counter3 SpatiallyLoaded:1 Bounds:IsValid=true, Min=(X=40.507 Y=-2524.891 Z=46.248), Max=(X=457.091 Y=-2086.533 Z=425.951) RuntimeGrid:None EditorOnly:0 RuntimeOnly:0 HLODRelevant:1
 |   |   |- Guid:ADE7BC814DE5D459A26027AC08A4343C BaseClass:/Game/Jamifesto2023/Blueprints/Components/Collectable.Collectable_C NativeClass:/Script/Engine.Actor Name:Collectable_C_UAID_A4BB6D998D006BAF01_1628618811 Label:Collectable SpatiallyLoaded:1 Bounds:IsValid=true, Min=(X=-333.619 Y=2149.340 Z=52.991), Max=(X=-237.619 Y=2245.340 Z=148.991) RuntimeGrid:None EditorOnly:0 RuntimeOnly:0 HLODRelevant:0
 |   |   |- Guid:AED508BA4403CE816B2CCD89395F0155 BaseClass: NativeClass:/Script/Engine.StaticMeshActor Name:StaticMeshActor_UAID_507C6F563ECEBFAF01_1761019586 Label:Sink SpatiallyLoaded:1 Bounds:IsValid=true, Min=(X=2091.352 Y=-1690.568 Z=43.418), Max=(X=2460.735 Y=-1270.847 Z=532.464) RuntimeGrid:None EditorOnly:0 RuntimeOnly:0 HLODRelevant:1
 |   |   |- Guid:B20E3B9340A2A9E739CE8F87CA6DD577 BaseClass: NativeClass:/Script/Engine.StaticMeshActor Name:StaticMeshActor_UAID_507C6F563ECEBFAF01_1654946582 Label:Counter6 SpatiallyLoaded:1 Bounds:IsValid=true, Min=(X=1274.888 Y=-2524.891 Z=46.248), Max=(X=1691.472 Y=-2086.533 Z=425.951) RuntimeGrid:None EditorOnly:0 RuntimeOnly:0 HLODRelevant:1
 |   |   |- Guid:B43CA6BE49C463C39E7346B569064178 BaseClass: NativeClass:/Script/Engine.StaticMeshActor Name:StaticMeshActor_UAID_A4BB6D9AB85A1EAF01_1336185239 Label:Cube SpatiallyLoaded:1 Bounds:IsValid=true, Min=(X=-3764.465 Y=-2525.649 Z=-26.248), Max=(X=2564.465 Y=5085.649 Z=46.248) RuntimeGrid:None EditorOnly:0 RuntimeOnly:0 HLODRelevant:1
 |   |   |- Guid:B68CF0554F33E96B1FB06FA2BCEEACFA BaseClass: NativeClass:/Script/Engine.StaticMeshActor Name:StaticMeshActor_UAID_A4BB6D9AB85A22AF01_1093144007 Label:Box36 SpatiallyLoaded:1 Bounds:IsValid=true, Min=(X=342.073 Y=5043.999 Z=430.000), Max=(X=1317.927 Y=5076.001 Z=950.741) RuntimeGrid:None EditorOnly:0 RuntimeOnly:0 HLODRelevant:0
 |   |   |- Guid:B785ED2844B84CFB91E7F39FE661CD99 BaseClass: NativeClass:/Script/Engine.DirectionalLight Name:DirectionalLight_0 Label:DirectionalLight SpatiallyLoaded:0 Bounds:IsValid=true, Min=(X=-1048576.000 Y=-1048576.000 Z=-1048576.000), Max=(X=1048576.000 Y=1048576.000 Z=1048576.000) RuntimeGrid:None EditorOnly:0 RuntimeOnly:0 HLODRelevant:0 FolderPath:Lighting FolderGuid:963EC3EB4002CCE9759E2EBA541A873A
 |   |   |- Guid:BA323CF54D85279446C0D5839326D988 BaseClass: NativeClass:/Script/Engine.StaticMeshActor Name:StaticMeshActor_UAID_A4BB6D9AB85A22AF01_1588028025 Label:Boolean5 SpatiallyLoaded:1 Bounds:IsValid=true, Min=(X=-3773.996 Y=2156.696 Z=-25.753), Max=(X=-931.495 Y=2222.299 Z=1138.389) RuntimeGrid:None EditorOnly:0 RuntimeOnly:0 HLODRelevant:0
 |   |   |- Guid:BDEF0C594B4AC31900AF29AC77F2FC34 BaseClass: NativeClass:/Script/Engine.StaticMeshActor Name:StaticMeshActor_UAID_A4BB6D9AB85A21AF01_2143201829 Label:Box34 SpatiallyLoaded:1 Bounds:IsValid=true, Min=(X=1663.103 Y=4822.377 Z=-30.000), Max=(X=1816.897 Y=4977.623 Z=680.016) RuntimeGrid:None EditorOnly:0 RuntimeOnly:0 HLODRelevant:0
 |   |   |- Guid:BF8E2B4643E0967F105C75A005145D19 BaseClass: NativeClass:/Script/Engine.StaticMeshActor Name:StaticMeshActor_UAID_507C6F563ECEC1AF01_1551495927 Label:Cuboard SpatiallyLoaded:1 Bounds:IsValid=true, Min=(X=-201.419 Y=-2515.169 Z=670.000), Max=(X=61.419 Y=-2347.303 Z=1070.718) RuntimeGrid:None EditorOnly:0 RuntimeOnly:0 HLODRelevant:1
 |   |   |- Guid:C173519849FEDC98AC0FC3B471A6E8AE BaseClass: NativeClass:/Script/Engine.StaticMeshActor Name:StaticMeshActor_UAID_507C6F563ECEC1AF01_1737500934 Label:Cuboard8 SpatiallyLoaded:1 Bounds:IsValid=true, Min=(X=1718.581 Y=-2515.169 Z=670.000), Max=(X=1981.419 Y=-2347.303 Z=1070.718) RuntimeGrid:None EditorOnly:0 RuntimeOnly:0 HLODRelevant:1
 |   |   |- Guid:C721DA004CCCCE36626A49ACA2EEA3B1 BaseClass:/Game/Jamifesto2023/Blueprints/Components/Bp_LapLine.Bp_LapLine_C NativeClass:/Script/Engine.Actor Name:Bp_LapLine_C_UAID_A4BB6D998D0068AF01_1938083283 Label:Bp_LapLine2 SpatiallyLoaded:1 Bounds:IsValid=true, Min=(X=120.000 Y=1648.000 Z=38.000), Max=(X=1520.000 Y=1772.000 Z=102.000) RuntimeGrid:None EditorOnly:0 RuntimeOnly:0 HLODRelevant:0
 |   |   |- Guid:CCFF262C46EEFFDF319E7F9539CE697E BaseClass: NativeClass:/Script/Engine.SkyAtmosphere Name:SkyAtmosphere_0 Label:SkyAtmosphere SpatiallyLoaded:0 Bounds:IsValid=true, Min=(X=0.000 Y=0.000 Z=1020.000), Max=(X=0.000 Y=0.000 Z=1020.000) RuntimeGrid:None EditorOnly:0 RuntimeOnly:0 HLODRelevant:0 FolderPath:Lighting FolderGuid:963EC3EB4002CCE9759E2EBA541A873A
 |   |   |- Guid:D0240FDA46A1398D37A26CA1E9401363 BaseClass: NativeClass:/Script/Engine.StaticMeshActor Name:StaticMeshActor_UAID_A4BB6D9AB85A1FAF01_1209970424 Label:Stairs2 SpatiallyLoaded:1 Bounds:IsValid=true, Min=(X=-3160.387 Y=4602.187 Z=460.283), Max=(X=-2447.093 Y=5126.802 Z=935.812) RuntimeGrid:None EditorOnly:0 RuntimeOnly:0 HLODRelevant:0
 |   |   |- Guid:D4BBC2AF409D390A9795F98FCC6C8B78 BaseClass: NativeClass:/Script/Engine.StaticMeshActor Name:StaticMeshActor_UAID_A4BB6D9AB85A22AF01_1142652008 Label:Box37 SpatiallyLoaded:1 Bounds:IsValid=true, Min=(X=427.581 Y=2206.349 Z=30.000), Max=(X=612.419 Y=2853.651 Z=925.711) RuntimeGrid:None EditorOnly:0 RuntimeOnly:0 HLODRelevant:0
 |   |   |- Guid:D50A62BE450516E7445235901013607B BaseClass: NativeClass:/Script/Engine.StaticMeshActor Name:StaticMeshActor_UAID_507C6F563ECEC1AF01_1670840928 Label:Cuboard2 SpatiallyLoaded:1 Bounds:IsValid=true, Min=(X=58.581 Y=-2515.169 Z=670.000), Max=(X=321.419 Y=-2347.303 Z=1070.718) RuntimeGrid:None EditorOnly:0 RuntimeOnly:0 HLODRelevant:1
 |   |   |- Guid:DB77AF1A49BD45614B60B1B9515F39BD BaseClass: NativeClass:/Script/Engine.StaticMeshActor Name:StaticMeshActor_UAID_507C6F563ECEC1AF01_1727051931 Label:Cuboard5 SpatiallyLoaded:1 Bounds:IsValid=true, Min=(X=888.581 Y=-2515.169 Z=670.000), Max=(X=1151.419 Y=-2347.303 Z=1070.718) RuntimeGrid:None EditorOnly:0 RuntimeOnly:0 HLODRelevant:1
 |   |   |- Guid:DC5620AE4BA2BEB8EA524FB15E52E9C4 BaseClass: NativeClass:/Script/Engine.StaticMeshActor Name:StaticMeshActor_UAID_A4BB6D9AB85A1FAF01_1183085423 Label:Stairs SpatiallyLoaded:1 Bounds:IsValid=true, Min=(X=-2530.554 Y=4602.187 Z=44.862), Max=(X=-1817.261 Y=5126.802 Z=520.391) RuntimeGrid:None EditorOnly:0 RuntimeOnly:0 HLODRelevant:0
 |   |   |- Guid:E1CC5E77492C6B36C0735BAC223BB595 BaseClass:/Game/Jamifesto2023/Blueprints/BP_StartingCharacter.BP_StartingCharacter_C NativeClass:/Script/Engine.Character Name:BP_StartingCharacter_C_UAID_90203A1BF9BEB6AF01_1286780558 Label:BP_StartingCharacter SpatiallyLoaded:1 Bounds:IsValid=true, Min=(X=626.000 Y=566.000 Z=460.000), Max=(X=694.000 Y=634.000 Z=636.000) RuntimeGrid:None EditorOnly:0 RuntimeOnly:0 HLODRelevant:0
 |   |   |- Guid:E1D4826E4110C5F6E5219BA2AE812CF7 BaseClass: NativeClass:/Script/Engine.StaticMeshActor Name:StaticMeshActor_UAID_A4BB6D9AB85A1FAF01_1093485421 Label:Box3 SpatiallyLoaded:1 Bounds:IsValid=true, Min=(X=-3746.762 Y=5079.002 Z=-25.753), Max=(X=2601.271 Y=5144.606 Z=1138.389) RuntimeGrid:None EditorOnly:0 RuntimeOnly:0 HLODRelevant:0
 |   |   |- Guid:E3F29F044893A07E2384028B1D8F2948 BaseClass: NativeClass:/Script/Engine.StaticMeshActor Name:StaticMeshActor_UAID_507C6F563ECEC1AF01_2046458938 Label:Box12 SpatiallyLoaded:1 Bounds:IsValid=true, Min=(X=3169.931 Y=-1424.392 Z=45.174), Max=(X=3564.404 Y=-1174.411 Z=502.788) RuntimeGrid:None EditorOnly:0 RuntimeOnly:0 HLODRelevant:0
 |   |   |- Guid:E7CA0177480B18247299049B7E2CF8A8 BaseClass: NativeClass:/Script/Engine.StaticMeshActor Name:StaticMeshActor_UAID_507C6F563ECEBFAF01_1846482587 Label:Counter9 SpatiallyLoaded:1 Bounds:IsValid=true, Min=(X=2090.886 Y=-1275.157 Z=46.248), Max=(X=2529.244 Y=-858.573 Z=425.951) RuntimeGrid:None EditorOnly:0 RuntimeOnly:0 HLODRelevant:1
 |   |   |- Guid:E7D523EA44338BD77777E299D33E8DB4 BaseClass: NativeClass:/Script/Engine.StaticMeshActor Name:StaticMeshActor_UAID_507C6F563ECEBFAF01_1637095581 Label:Counter5 SpatiallyLoaded:1 Bounds:IsValid=true, Min=(X=866.685 Y=-2524.891 Z=46.248), Max=(X=1283.269 Y=-2086.533 Z=425.951) RuntimeGrid:None EditorOnly:0 RuntimeOnly:0 HLODRelevant:1
 |   |   |- Guid:E82C772E4EB7B829C50C2E929BF2351D BaseClass: NativeClass:/Script/Engine.StaticMeshActor Name:StaticMeshActor_UAID_A4BB6D9AB85A2AAF01_1429413352 Label:Basic_Door_2 SpatiallyLoaded:1 Bounds:IsValid=true, Min=(X=-946.704 Y=2862.462 Z=50.000), Max=(X=-402.153 Y=3015.976 Z=957.992) RuntimeGrid:None EditorOnly:0 RuntimeOnly:0 HLODRelevant:1
 |   |   |- Guid:F52CA595488308497036A38AB64217EF BaseClass: NativeClass:/Script/Engine.PlayerStart Name:PlayerStart_UAID_90203A1BF9BEB3AF01_1574761484 Label:PlayerStart4 SpatiallyLoaded:0 Bounds:IsValid=true, Min=(X=-3440.000 Y=4150.000 Z=50.013), Max=(X=-3360.000 Y=4230.000 Z=234.013) RuntimeGrid:None EditorOnly:0 RuntimeOnly:0 HLODRelevant:0
 |   |   |- Guid:F5E3FEB3450C49844FD93DA8E083C8AD BaseClass: NativeClass:/Script/Engine.PostProcessVolume Name:PostProcessVolume_0 Label:PostProcessVolume SpatiallyLoaded:0 Bounds:IsValid=true, Min=(X=0.000 Y=0.000 Z=400.000), Max=(X=200.000 Y=200.000 Z=600.000) RuntimeGrid:None EditorOnly:0 RuntimeOnly:0 HLODRelevant:0 FolderPath:Lighting FolderGuid:963EC3EB4002CCE9759E2EBA541A873A
 |   |   |- Guid:F6940F564C2281E42AE68BB5C3447B36 BaseClass: NativeClass:/Script/Engine.StaticMeshActor Name:StaticMeshActor_UAID_A4BB6D9AB85A21AF01_1991404824 Label:Box29 SpatiallyLoaded:1 Bounds:IsValid=true, Min=(X=7.097 Y=214.877 Z=-20.000), Max=(X=1972.903 Y=1188.682 Z=463.306) RuntimeGrid:None EditorOnly:0 RuntimeOnly:0 HLODRelevant:0
 |   |   |- Guid:F7FD9C3F486EBF4CC7A5C0884245DE3D BaseClass: NativeClass:/Script/Engine.StaticMeshActor Name:StaticMeshActor_UAID_507C6F563ECEBFAF01_1659292583 Label:Counter7 SpatiallyLoaded:1 Bounds:IsValid=true, Min=(X=1681.955 Y=-2524.891 Z=46.248), Max=(X=2098.539 Y=-2086.533 Z=425.951) RuntimeGrid:None EditorOnly:0 RuntimeOnly:0 HLODRelevant:1
 |   |   |- Guid:FB8C56EE4E07CBD3EE2C39AC3301DA8A BaseClass: NativeClass:/Script/Engine.StaticMeshActor Name:StaticMeshActor_UAID_507C6F563ECEC1AF01_1737498933 Label:Cuboard7 SpatiallyLoaded:1 Bounds:IsValid=true, Min=(X=1458.581 Y=-2515.169 Z=670.000), Max=(X=1721.419 Y=-2347.303 Z=1070.718) RuntimeGrid:None EditorOnly:0 RuntimeOnly:0 HLODRelevant:1
 |   |   |- Guid:FD04F3C9493D6C9DFA67A0985DD2C72A BaseClass: NativeClass:/Script/Engine.StaticMeshActor Name:StaticMeshActor_UAID_A4BB6D9AB85A20AF01_1682917626 Label:Box9 SpatiallyLoaded:1 Bounds:IsValid=true, Min=(X=2230.000 Y=2922.890 Z=0.476), Max=(X=2330.000 Y=3417.110 Z=959.524) RuntimeGrid:None EditorOnly:0 RuntimeOnly:0 HLODRelevant:0
 |   |   |- Guid:FE5C74B4487F92B8B693FC9928394643 BaseClass:/Game/Jamifesto2023/Blueprints/Components/Bp_LapLine.Bp_LapLine_C NativeClass:/Script/Engine.Actor Name:Bp_LapLine_C_UAID_047C16752F6930AF01_1663154407 Label:Bp_LapLine SpatiallyLoaded:1 Bounds:IsValid=true, Min=(X=-350.000 Y=-32.000 Z=-12.000), Max=(X=350.000 Y=92.000 Z=52.000) RuntimeGrid:None EditorOnly:0 RuntimeOnly:0 HLODRelevant:0
 |   |- [+] Clusters:
 |   |   |- [+] [  0]
 |   |   |   |- Guid:6BAF4DDD444C60371492D3919DB42C97 BaseClass: NativeClass:/Script/Engine.WorldDataLayers Name:WorldDataLayers Label:WorldDataLayers SpatiallyLoaded:0 Bounds:IsValid=true, Min=(X=0.000 Y=0.000 Z=0.000), Max=(X=0.000 Y=0.000 Z=0.000) RuntimeGrid:None EditorOnly:0 RuntimeOnly:0 HLODRelevant:0
 |   |   |- [+] [  1]
 |   |   |   |- Guid:9B13554D419121DEC6476592D5180A89 BaseClass:/Game/Jamifesto2023/Blueprints/Components/Checkpoint.Checkpoint_C NativeClass:/Script/Engine.Actor Name:Checkpoint_C_UAID_047C16752F6932AF01_1475664760 Label:Checkpoint SpatiallyLoaded:1 Bounds:IsValid=true, Min=(X=-902.000 Y=3314.000 Z=68.000), Max=(X=-838.000 Y=3906.000 Z=132.000) RuntimeGrid:None EditorOnly:0 RuntimeOnly:0 HLODRelevant:0
 |   |   |- [+] [  2]
 |   |   |   |- Guid:991DB17040BCCE2DE2C383B75F2FB7D1 BaseClass:/Game/Jamifesto2023/Blueprints/BP_StartingCharacter.BP_StartingCharacter_C NativeClass:/Script/Engine.Character Name:BP_StartingCharacter_C_UAID_90203A1BF9BEB3AF01_1787987485 Label:BP_StartingCharacter SpatiallyLoaded:1 Bounds:IsValid=true, Min=(X=696.000 Y=3106.000 Z=420.000), Max=(X=764.000 Y=3174.000 Z=596.000) RuntimeGrid:None EditorOnly:0 RuntimeOnly:0 HLODRelevant:0
 |   |   |- [+] [  3]
 |   |   |   |- Guid:BDEF0C594B4AC31900AF29AC77F2FC34 BaseClass: NativeClass:/Script/Engine.StaticMeshActor Name:StaticMeshActor_UAID_A4BB6D9AB85A21AF01_2143201829 Label:Box34 SpatiallyLoaded:1 Bounds:IsValid=true, Min=(X=1663.103 Y=4822.377 Z=-30.000), Max=(X=1816.897 Y=4977.623 Z=680.016) RuntimeGrid:None EditorOnly:0 RuntimeOnly:0 HLODRelevant:0
 |   |   |- [+] [  4]
 |   |   |   |- Guid:9D54B307418FBAC1917A2B953AEBE352 BaseClass: NativeClass:/Script/Engine.StaticMeshActor Name:StaticMeshActor_UAID_A4BB6D9AB85A1FAF01_1398856430 Label:Box7 SpatiallyLoaded:1 Bounds:IsValid=true, Min=(X=-3737.670 Y=4602.330 Z=50.000), Max=(X=-3282.330 Y=5057.670 Z=505.340) RuntimeGrid:None EditorOnly:0 RuntimeOnly:0 HLODRelevant:0
 |   |   |- [+] [  5]
 |   |   |   |- Guid:5E68D9DE4E4F3C9932A6379B0390376D BaseClass:/Game/Jamifesto2023/Blueprints/Components/Checkpoint.Checkpoint_C NativeClass:/Script/Engine.Actor Name:Checkpoint_C_UAID_047C16752F6932AF01_1542061761 Label:Checkpoint2 SpatiallyLoaded:1 Bounds:IsValid=true, Min=(X=-3296.000 Y=2188.000 Z=68.000), Max=(X=-2704.000 Y=2252.000 Z=132.000) RuntimeGrid:None EditorOnly:0 RuntimeOnly:0 HLODRelevant:0
 |   |   |- [+] [  6]
 |   |   |   |- Guid:06477D3C492592E098D76BBFF64D49CF BaseClass: NativeClass:/Script/Engine.StaticMeshActor Name:StaticMeshActor_UAID_A4BB6D9AB85A1FAF01_1356710427 Label:Stairs3 SpatiallyLoaded:1 Bounds:IsValid=true, Min=(X=-3780.387 Y=4602.187 Z=880.283), Max=(X=-3067.093 Y=5126.802 Z=1355.812) RuntimeGrid:None EditorOnly:0 RuntimeOnly:0 HLODRelevant:0
 |   |   |- [+] [  7]
 |   |   |   |- Guid:F5E3FEB3450C49844FD93DA8E083C8AD BaseClass: NativeClass:/Script/Engine.PostProcessVolume Name:PostProcessVolume_0 Label:PostProcessVolume SpatiallyLoaded:0 Bounds:IsValid=true, Min=(X=0.000 Y=0.000 Z=400.000), Max=(X=200.000 Y=200.000 Z=600.000) RuntimeGrid:None EditorOnly:0 RuntimeOnly:0 HLODRelevant:0 FolderPath:Lighting FolderGuid:963EC3EB4002CCE9759E2EBA541A873A
 |   |   |- [+] [  8]
 |   |   |   |- Guid:81D3455B47BEAE34A1B70E9D1CCB2F0C BaseClass: NativeClass:/Script/Engine.StaticMeshActor Name:StaticMeshActor_UAID_A4BB6D9AB85A22AF01_1435413022 Label:Box41 SpatiallyLoaded:1 Bounds:IsValid=true, Min=(X=1904.774 Y=4962.081 Z=30.000), Max=(X=2335.226 Y=5177.919 Z=961.564) RuntimeGrid:None EditorOnly:0 RuntimeOnly:0 HLODRelevant:0
 |   |   |- [+] [  9]
 |   |   |   |- Guid:6B00B74D4B7B306ACCB05FABB7B68CB0 BaseClass: NativeClass:/Script/Engine.StaticMeshActor Name:StaticMeshActor_UAID_A4BB6D9AB85A22AF01_1621251030 Label:Boolean9 SpatiallyLoaded:1 Bounds:IsValid=true, Min=(X=-944.481 Y=-443.304 Z=-25.753), Max=(X=2578.990 Y=-377.701 Z=1138.389) RuntimeGrid:None EditorOnly:0 RuntimeOnly:0 HLODRelevant:0
 |   |   |- [+] [ 10]
 |   |   |   |- Guid:43482F3148799153331191BC99427BE8 BaseClass: NativeClass:/Script/Engine.StaticMeshActor Name:StaticMeshActor_UAID_A4BB6D9AB85A1FAF01_1402539431 Label:Box8 SpatiallyLoaded:1 Bounds:IsValid=true, Min=(X=-3741.025 Y=4602.330 Z=450.000), Max=(X=-3118.975 Y=5057.670 Z=905.340) RuntimeGrid:None EditorOnly:0 RuntimeOnly:0 HLODRelevant:0
 |   |   |- [+] [ 11]
 |   |   |   |- Guid:4A8948D44AAD8E7A59DF2B96C0007105 BaseClass: NativeClass:/Script/Engine.StaticMeshActor Name:StaticMeshActor_UAID_A4BB6D9AB85A21AF01_2120708828 Label:Box33 SpatiallyLoaded:1 Bounds:IsValid=true, Min=(X=122.047 Y=4780.997 Z=-30.000), Max=(X=1537.953 Y=5019.003 Z=387.586) RuntimeGrid:None EditorOnly:0 RuntimeOnly:0 HLODRelevant:0
 |   |   |- [+] [ 12]
 |   |   |   |- Guid:C721DA004CCCCE36626A49ACA2EEA3B1 BaseClass:/Game/Jamifesto2023/Blueprints/Components/Bp_LapLine.Bp_LapLine_C NativeClass:/Script/Engine.Actor Name:Bp_LapLine_C_UAID_A4BB6D998D0068AF01_1938083283 Label:Bp_LapLine2 SpatiallyLoaded:1 Bounds:IsValid=true, Min=(X=120.000 Y=1648.000 Z=38.000), Max=(X=1520.000 Y=1772.000 Z=102.000) RuntimeGrid:None EditorOnly:0 RuntimeOnly:0 HLODRelevant:0
 |   |   |- [+] [ 13]
 |   |   |   |- Guid:00187AC0482F9788225A49A3003BAFA8 BaseClass: NativeClass:/Script/Engine.StaticMeshActor Name:StaticMeshActor_UAID_A4BB6D9AB85A1FAF01_1632248436 Label:Box13 SpatiallyLoaded:1 Bounds:IsValid=true, Min=(X=-2323.581 Y=1026.696 Z=-25.753), Max=(X=-921.911 Y=1092.299 Z=1138.389) RuntimeGrid:None EditorOnly:0 RuntimeOnly:0 HLODRelevant:0
 |   |   |- [+] [ 14]
 |   |   |   |- Guid:B43CA6BE49C463C39E7346B569064178 BaseClass: NativeClass:/Script/Engine.StaticMeshActor Name:StaticMeshActor_UAID_A4BB6D9AB85A1EAF01_1336185239 Label:Cube SpatiallyLoaded:1 Bounds:IsValid=true, Min=(X=-3764.465 Y=-2525.649 Z=-26.248), Max=(X=2564.465 Y=5085.649 Z=46.248) RuntimeGrid:None EditorOnly:0 RuntimeOnly:0 HLODRelevant:1
 |   |   |- [+] [ 15]
 |   |   |   |- Guid:E7CA0177480B18247299049B7E2CF8A8 BaseClass: NativeClass:/Script/Engine.StaticMeshActor Name:StaticMeshActor_UAID_507C6F563ECEBFAF01_1846482587 Label:Counter9 SpatiallyLoaded:1 Bounds:IsValid=true, Min=(X=2090.886 Y=-1275.157 Z=46.248), Max=(X=2529.244 Y=-858.573 Z=425.951) RuntimeGrid:None EditorOnly:0 RuntimeOnly:0 HLODRelevant:1
 |   |   |- [+] [ 16]
 |   |   |   |- Guid:F7FD9C3F486EBF4CC7A5C0884245DE3D BaseClass: NativeClass:/Script/Engine.StaticMeshActor Name:StaticMeshActor_UAID_507C6F563ECEBFAF01_1659292583 Label:Counter7 SpatiallyLoaded:1 Bounds:IsValid=true, Min=(X=1681.955 Y=-2524.891 Z=46.248), Max=(X=2098.539 Y=-2086.533 Z=425.951) RuntimeGrid:None EditorOnly:0 RuntimeOnly:0 HLODRelevant:1
 |   |   |- [+] [ 17]
 |   |   |   |- Guid:F6940F564C2281E42AE68BB5C3447B36 BaseClass: NativeClass:/Script/Engine.StaticMeshActor Name:StaticMeshActor_UAID_A4BB6D9AB85A21AF01_1991404824 Label:Box29 SpatiallyLoaded:1 Bounds:IsValid=true, Min=(X=7.097 Y=214.877 Z=-20.000), Max=(X=1972.903 Y=1188.682 Z=463.306) RuntimeGrid:None EditorOnly:0 RuntimeOnly:0 HLODRelevant:0
 |   |   |- [+] [ 18]
 |   |   |   |- Guid:1155952D48F513769AD88A892E98FE69 BaseClass: NativeClass:/Script/Engine.StaticMeshActor Name:StaticMeshActor_UAID_A4BB6D9AB85A20AF01_1763404629 Label:Cube2 SpatiallyLoaded:1 Bounds:IsValid=true, Min=(X=2495.629 Y=-2525.649 Z=-26.248), Max=(X=6464.371 Y=5085.649 Z=46.248) RuntimeGrid:None EditorOnly:0 RuntimeOnly:0 HLODRelevant:1
 |   |   |- [+] [ 19]
 |   |   |   |- Guid:4D3BE93F4146AAAC8BBE79999D96D57F BaseClass: NativeClass:/Script/Engine.VolumetricCloud Name:VolumetricCloud_0 Label:VolumetricCloud SpatiallyLoaded:0 Bounds:IsValid=true, Min=(X=0.000 Y=0.000 Z=820.000), Max=(X=0.000 Y=0.000 Z=820.000) RuntimeGrid:None EditorOnly:0 RuntimeOnly:0 HLODRelevant:0 FolderPath:Lighting FolderGuid:963EC3EB4002CCE9759E2EBA541A873A
 |   |   |- [+] [ 20]
 |   |   |   |- Guid:020D05CD4DE0A5BCE77DA096184274DA BaseClass: NativeClass:/Script/Engine.StaticMeshActor Name:StaticMeshActor_UAID_A4BB6D9AB85A21AF01_2089004826 Label:Box31 SpatiallyLoaded:1 Bounds:IsValid=true, Min=(X=-649.145 Y=3897.583 Z=-20.000), Max=(X=9.145 Y=4562.417 Z=419.126) RuntimeGrid:None EditorOnly:0 RuntimeOnly:0 HLODRelevant:0
 |   |   |- [+] [ 21]
 |   |   |   |- Guid:A8EAC9F54DECC8A54631C7A3C5B31830 BaseClass: NativeClass:/Script/Engine.StaticMeshActor Name:StaticMeshActor_UAID_A4BB6D9AB85A1FAF01_1395642429 Label:Box6 SpatiallyLoaded:1 Bounds:IsValid=true, Min=(X=-3367.670 Y=4602.330 Z=50.000), Max=(X=-2912.330 Y=5057.670 Z=505.340) RuntimeGrid:None EditorOnly:0 RuntimeOnly:0 HLODRelevant:0
 |   |   |- [+] [ 22]
 |   |   |   |- Guid:1240421647C046A9530E4495260D7515 BaseClass: NativeClass:/Script/Engine.StaticMeshActor Name:StaticMeshActor_UAID_A4BB6D9AB85A1EAF01_2030343243 Label:Box SpatiallyLoaded:1 Bounds:IsValid=true, Min=(X=-3777.833 Y=-2588.713 Z=-25.753), Max=(X=-3712.229 Y=5144.338 Z=1138.389) RuntimeGrid:None EditorOnly:0 RuntimeOnly:0 HLODRelevant:0
 |   |   |- [+] [ 23]
 |   |   |   |- Guid:979761B24FF4A2BABE1E88B0512744FF BaseClass: NativeClass:/Script/Engine.StaticMeshActor Name:StaticMeshActor_UAID_A4BB6D9AB85A22AF01_1387997020 Label:Box40 SpatiallyLoaded:1 Bounds:IsValid=true, Min=(X=-735.226 Y=4962.081 Z=30.000), Max=(X=-304.774 Y=5177.919 Z=961.564) RuntimeGrid:None EditorOnly:0 RuntimeOnly:0 HLODRelevant:0
 |   |   |- [+] [ 24]
 |   |   |   |- Guid:CCFF262C46EEFFDF319E7F9539CE697E BaseClass: NativeClass:/Script/Engine.SkyAtmosphere Name:SkyAtmosphere_0 Label:SkyAtmosphere SpatiallyLoaded:0 Bounds:IsValid=true, Min=(X=0.000 Y=0.000 Z=1020.000), Max=(X=0.000 Y=0.000 Z=1020.000) RuntimeGrid:None EditorOnly:0 RuntimeOnly:0 HLODRelevant:0 FolderPath:Lighting FolderGuid:963EC3EB4002CCE9759E2EBA541A873A
 |   |   |- [+] [ 25]
 |   |   |   |- Guid:8A43FDFA41F14EB295E0FF845996C731 BaseClass: NativeClass:/Script/Engine.StaticMeshActor Name:StaticMeshActor_UAID_A4BB6D9AB85A20AF01_1664113625 Label:Boolean3 SpatiallyLoaded:1 Bounds:IsValid=true, Min=(X=-944.481 Y=1706.696 Z=-25.753), Max=(X=2578.990 Y=1772.299 Z=1138.389) RuntimeGrid:None EditorOnly:0 RuntimeOnly:0 HLODRelevant:0
 |   |   |- [+] [ 26]
 |   |   |   |- Guid:093B9D17458DCED0746F878573081BCC BaseClass: NativeClass:/Script/Engine.StaticMeshActor Name:StaticMeshActor_UAID_507C6F563ECEBFAF01_1368168575 Label:Island SpatiallyLoaded:1 Bounds:IsValid=true, Min=(X=-273.465 Y=-1755.090 Z=46.248), Max=(X=1415.654 Y=-938.112 Z=422.511) RuntimeGrid:None EditorOnly:0 RuntimeOnly:0 HLODRelevant:1
 |   |   |- [+] [ 27]
 |   |   |   |- Guid:670CC4834878DD68B9C04EB00CB3B46E BaseClass: NativeClass:/Script/Engine.StaticMeshActor Name:StaticMeshActor_UAID_A4BB6D9AB85A22AF01_1081988006 Label:Box35 SpatiallyLoaded:1 Bounds:IsValid=true, Min=(X=-126.897 Y=4822.377 Z=-30.000), Max=(X=26.897 Y=4977.623 Z=680.016) RuntimeGrid:None EditorOnly:0 RuntimeOnly:0 HLODRelevant:0
 |   |   |- [+] [ 28]
 |   |   |   |- Guid:B68CF0554F33E96B1FB06FA2BCEEACFA BaseClass: NativeClass:/Script/Engine.StaticMeshActor Name:StaticMeshActor_UAID_A4BB6D9AB85A22AF01_1093144007 Label:Box36 SpatiallyLoaded:1 Bounds:IsValid=true, Min=(X=342.073 Y=5043.999 Z=430.000), Max=(X=1317.927 Y=5076.001 Z=950.741) RuntimeGrid:None EditorOnly:0 RuntimeOnly:0 HLODRelevant:0
 |   |   |- [+] [ 29]
 |   |   |   |- Guid:E1D4826E4110C5F6E5219BA2AE812CF7 BaseClass: NativeClass:/Script/Engine.StaticMeshActor Name:StaticMeshActor_UAID_A4BB6D9AB85A1FAF01_1093485421 Label:Box3 SpatiallyLoaded:1 Bounds:IsValid=true, Min=(X=-3746.762 Y=5079.002 Z=-25.753), Max=(X=2601.271 Y=5144.606 Z=1138.389) RuntimeGrid:None EditorOnly:0 RuntimeOnly:0 HLODRelevant:0
 |   |   |- [+] [ 30]
 |   |   |   |- Guid:B785ED2844B84CFB91E7F39FE661CD99 BaseClass: NativeClass:/Script/Engine.DirectionalLight Name:DirectionalLight_0 Label:DirectionalLight SpatiallyLoaded:0 Bounds:IsValid=true, Min=(X=-1048576.000 Y=-1048576.000 Z=-1048576.000), Max=(X=1048576.000 Y=1048576.000 Z=1048576.000) RuntimeGrid:None EditorOnly:0 RuntimeOnly:0 HLODRelevant:0 FolderPath:Lighting FolderGuid:963EC3EB4002CCE9759E2EBA541A873A
 |   |   |- [+] [ 31]
 |   |   |   |- Guid:A73D3D1343BC25D230BB8FAB241DC75C BaseClass: NativeClass:/Script/Engine.StaticMeshActor Name:StaticMeshActor_UAID_A4BB6D9AB85A21AF01_2109264827 Label:Box32 SpatiallyLoaded:1 Bounds:IsValid=true, Min=(X=1544.128 Y=3504.412 Z=-20.000), Max=(X=2175.872 Y=4155.588 Z=419.126) RuntimeGrid:None EditorOnly:0 RuntimeOnly:0 HLODRelevant:0
 |   |   |- [+] [ 32]
 |   |   |   |- Guid:ADE7BC814DE5D459A26027AC08A4343C BaseClass:/Game/Jamifesto2023/Blueprints/Components/Collectable.Collectable_C NativeClass:/Script/Engine.Actor Name:Collectable_C_UAID_A4BB6D998D006BAF01_1628618811 Label:Collectable SpatiallyLoaded:1 Bounds:IsValid=true, Min=(X=-333.619 Y=2149.340 Z=52.991), Max=(X=-237.619 Y=2245.340 Z=148.991) RuntimeGrid:None EditorOnly:0 RuntimeOnly:0 HLODRelevant:0
 |   |   |- [+] [ 33]
 |   |   |   |- Guid:FD04F3C9493D6C9DFA67A0985DD2C72A BaseClass: NativeClass:/Script/Engine.StaticMeshActor Name:StaticMeshActor_UAID_A4BB6D9AB85A20AF01_1682917626 Label:Box9 SpatiallyLoaded:1 Bounds:IsValid=true, Min=(X=2230.000 Y=2922.890 Z=0.476), Max=(X=2330.000 Y=3417.110 Z=959.524) RuntimeGrid:None EditorOnly:0 RuntimeOnly:0 HLODRelevant:0
 |   |   |- [+] [ 34]
 |   |   |   |- Guid:D0240FDA46A1398D37A26CA1E9401363 BaseClass: NativeClass:/Script/Engine.StaticMeshActor Name:StaticMeshActor_UAID_A4BB6D9AB85A1FAF01_1209970424 Label:Stairs2 SpatiallyLoaded:1 Bounds:IsValid=true, Min=(X=-3160.387 Y=4602.187 Z=460.283), Max=(X=-2447.093 Y=5126.802 Z=935.812) RuntimeGrid:None EditorOnly:0 RuntimeOnly:0 HLODRelevant:0
 |   |   |- [+] [ 35]
 |   |   |   |- Guid:E82C772E4EB7B829C50C2E929BF2351D BaseClass: NativeClass:/Script/Engine.StaticMeshActor Name:StaticMeshActor_UAID_A4BB6D9AB85A2AAF01_1429413352 Label:Basic_Door_2 SpatiallyLoaded:1 Bounds:IsValid=true, Min=(X=-946.704 Y=2862.462 Z=50.000), Max=(X=-402.153 Y=3015.976 Z=957.992) RuntimeGrid:None EditorOnly:0 RuntimeOnly:0 HLODRelevant:1
 |   |   |- [+] [ 36]
 |   |   |   |- Guid:316CF2A6494ACA4C0E4180A87D36AB8F BaseClass: NativeClass:/Script/Engine.ExponentialHeightFog Name:ExponentialHeightFog_0 Label:ExponentialHeightFog SpatiallyLoaded:0 Bounds:IsValid=true, Min=(X=-5600.000 Y=-50.000 Z=-6850.000), Max=(X=-5600.000 Y=-50.000 Z=-6850.000) RuntimeGrid:None EditorOnly:0 RuntimeOnly:0 HLODRelevant:0 FolderPath:Lighting FolderGuid:963EC3EB4002CCE9759E2EBA541A873A
 |   |   |- [+] [ 37]
 |   |   |   |- Guid:38D5B21B45D78FAB38317AA21C64E8E3 BaseClass:/Game/Jamifesto2023/Blueprints/Components/Checkpoint.Checkpoint_C NativeClass:/Script/Engine.Actor Name:Checkpoint_C_UAID_047C16752F6932AF01_1560162762 Label:Checkpoint3 SpatiallyLoaded:1 Bounds:IsValid=true, Min=(X=-1062.000 Y=204.000 Z=68.000), Max=(X=-998.000 Y=796.000 Z=132.000) RuntimeGrid:None EditorOnly:0 RuntimeOnly:0 HLODRelevant:0
 |   |   |- [+] [ 38]
 |   |   |   |- Guid:51C10B5E45C07F1D04905980F98A3125 BaseClass: NativeClass:/Script/Engine.StaticMeshActor Name:StaticMeshActor_UAID_A4BB6D9AB85A22AF01_1602135027 Label:Boolean7 SpatiallyLoaded:1 Bounds:IsValid=true, Min=(X=-3773.996 Y=-33.304 Z=-25.753), Max=(X=-931.495 Y=32.299 Z=1138.389) RuntimeGrid:None EditorOnly:0 RuntimeOnly:0 HLODRelevant:0
 |   |   |- [+] [ 39]
 |   |   |   |- Guid:A0748A1F415E952462C665AA6022A706 BaseClass: NativeClass:/Script/Engine.StaticMeshActor Name:StaticMeshActor_UAID_507C6F563ECEBFAF01_1670698584 Label:Box4 SpatiallyLoaded:1 Bounds:IsValid=true, Min=(X=2092.850 Y=-2529.954 Z=25.472), Max=(X=2530.216 Y=-2087.530 Z=425.671) RuntimeGrid:None EditorOnly:0 RuntimeOnly:0 HLODRelevant:0
 |   |   |- [+] [ 40]
 |   |   |   |- Guid:5CFF8C2C40AE0C3F248E80825EBAF1A3 BaseClass: NativeClass:/Script/Engine.StaticMeshActor Name:StaticMeshActor_UAID_507C6F563ECEBFAF01_1578860577 Label:Counter2 SpatiallyLoaded:1 Bounds:IsValid=true, Min=(X=-372.943 Y=-2524.891 Z=46.248), Max=(X=43.641 Y=-2086.533 Z=425.951) RuntimeGrid:None EditorOnly:0 RuntimeOnly:0 HLODRelevant:1
 |   |   |- [+] [ 41]
 |   |   |   |- Guid:D4BBC2AF409D390A9795F98FCC6C8B78 BaseClass: NativeClass:/Script/Engine.StaticMeshActor Name:StaticMeshActor_UAID_A4BB6D9AB85A22AF01_1142652008 Label:Box37 SpatiallyLoaded:1 Bounds:IsValid=true, Min=(X=427.581 Y=2206.349 Z=30.000), Max=(X=612.419 Y=2853.651 Z=925.711) RuntimeGrid:None EditorOnly:0 RuntimeOnly:0 HLODRelevant:0
 |   |   |- [+] [ 42]
 |   |   |   |- Guid:2FB58999456391D349DC0F86DAC136ED BaseClass: NativeClass:/Script/Engine.SkyLight Name:SkyLight_1 Label:SkyLight SpatiallyLoaded:0 Bounds:IsValid=true, Min=(X=0.000 Y=0.000 Z=690.000), Max=(X=0.000 Y=0.000 Z=690.000) RuntimeGrid:None EditorOnly:0 RuntimeOnly:0 HLODRelevant:0 FolderPath:Lighting FolderGuid:963EC3EB4002CCE9759E2EBA541A873A
 |   |   |- [+] [ 43]
 |   |   |   |- Guid:0F218D3D42DFAC70A3C2ABBCFED85DD0 BaseClass: NativeClass:/Script/Engine.StaticMeshActor Name:StaticMeshActor_UAID_A4BB6D9AB85A2AAF01_1555716354 Label:Boolean8 SpatiallyLoaded:1 Bounds:IsValid=true, Min=(X=-961.592 Y=-2588.713 Z=-25.753), Max=(X=-895.988 Y=5144.338 Z=1138.389) RuntimeGrid:None EditorOnly:0 RuntimeOnly:0 HLODRelevant:0
 |   |   |- [+] [ 44]
 |   |   |   |- Guid:84B144554F8CCF19D5B3B9842B23A87B BaseClass: NativeClass:/Script/Engine.StaticMeshActor Name:StaticMeshActor_UAID_A4BB6D9AB85A2AAF01_1362980351 Label:Basic_Door_001 SpatiallyLoaded:1 Bounds:IsValid=true, Min=(X=-950.085 Y=3426.735 Z=50.000), Max=(X=-707.977 Y=3956.965 Z=957.992) RuntimeGrid:None EditorOnly:0 RuntimeOnly:0 HLODRelevant:1
 |   |   |- [+] [ 45]
 |   |   |   |- Guid:A91F90D3468CD57DB9FEC49F0DD5F9EA BaseClass: NativeClass:/Script/Engine.StaticMeshActor Name:StaticMeshActor_UAID_A4BB6D9AB85A1EAF01_1437411241 Label:Cylinder SpatiallyLoaded:1 Bounds:IsValid=true, Min=(X=-3481.717 Y=-22891.165 Z=42.509), Max=(X=-3331.717 Y=-22741.165 Z=73.519) RuntimeGrid:None EditorOnly:0 RuntimeOnly:0 HLODRelevant:1
 |   |   |- [+] [ 46]
 |   |   |   |- Guid:5FCD3ED447840A9107CD8ABC81A7EFE0 BaseClass: NativeClass:/Script/Engine.StaticMeshActor Name:StaticMeshActor_UAID_A4BB6D9AB85A22AF01_1596991026 Label:Boolean6 SpatiallyLoaded:1 Bounds:IsValid=true, Min=(X=-2335.547 Y=1042.321 Z=-25.753), Max=(X=-2269.944 Y=2216.674 Z=1138.389) RuntimeGrid:None EditorOnly:0 RuntimeOnly:0 HLODRelevant:0
 |   |   |- [+] [ 47]
 |   |   |   |- Guid:BA323CF54D85279446C0D5839326D988 BaseClass: NativeClass:/Script/Engine.StaticMeshActor Name:StaticMeshActor_UAID_A4BB6D9AB85A22AF01_1588028025 Label:Boolean5 SpatiallyLoaded:1 Bounds:IsValid=true, Min=(X=-3773.996 Y=2156.696 Z=-25.753), Max=(X=-931.495 Y=2222.299 Z=1138.389) RuntimeGrid:None EditorOnly:0 RuntimeOnly:0 HLODRelevant:0
 |   |   |- [+] [ 48]
 |   |   |   |- Guid:E7D523EA44338BD77777E299D33E8DB4 BaseClass: NativeClass:/Script/Engine.StaticMeshActor Name:StaticMeshActor_UAID_507C6F563ECEBFAF01_1637095581 Label:Counter5 SpatiallyLoaded:1 Bounds:IsValid=true, Min=(X=866.685 Y=-2524.891 Z=46.248), Max=(X=1283.269 Y=-2086.533 Z=425.951) RuntimeGrid:None EditorOnly:0 RuntimeOnly:0 HLODRelevant:1
 |   |   |- [+] [ 49]
 |   |   |   |- Guid:AED508BA4403CE816B2CCD89395F0155 BaseClass: NativeClass:/Script/Engine.StaticMeshActor Name:StaticMeshActor_UAID_507C6F563ECEBFAF01_1761019586 Label:Sink SpatiallyLoaded:1 Bounds:IsValid=true, Min=(X=2091.352 Y=-1690.568 Z=43.418), Max=(X=2460.735 Y=-1270.847 Z=532.464) RuntimeGrid:None EditorOnly:0 RuntimeOnly:0 HLODRelevant:1
 |   |   |- [+] [ 50]
 |   |   |   |- Guid:B20E3B9340A2A9E739CE8F87CA6DD577 BaseClass: NativeClass:/Script/Engine.StaticMeshActor Name:StaticMeshActor_UAID_507C6F563ECEBFAF01_1654946582 Label:Counter6 SpatiallyLoaded:1 Bounds:IsValid=true, Min=(X=1274.888 Y=-2524.891 Z=46.248), Max=(X=1691.472 Y=-2086.533 Z=425.951) RuntimeGrid:None EditorOnly:0 RuntimeOnly:0 HLODRelevant:1
 |   |   |- [+] [ 51]
 |   |   |   |- Guid:24BCBE9740023BBBC24B5B8A4AD994B9 BaseClass: NativeClass:/Script/Engine.StaticMeshActor Name:StaticMeshActor_UAID_A4BB6D9AB85A1EAF01_2109860244 Label:Box2 SpatiallyLoaded:1 Bounds:IsValid=true, Min=(X=-3746.762 Y=-2583.305 Z=-25.753), Max=(X=2601.271 Y=-2517.701 Z=1138.389) RuntimeGrid:None EditorOnly:0 RuntimeOnly:0 HLODRelevant:0
 |   |   |- [+] [ 52]
 |   |   |   |- Guid:038701A64CD148D9948B17927B5A3DDB BaseClass: NativeClass:/Script/Engine.StaticMeshActor Name:StaticMeshActor_UAID_507C6F563ECEBFAF01_1738423585 Label:Counter8 SpatiallyLoaded:1 Bounds:IsValid=true, Min=(X=2090.886 Y=-2093.191 Z=46.248), Max=(X=2529.244 Y=-1676.607 Z=425.951) RuntimeGrid:None EditorOnly:0 RuntimeOnly:0 HLODRelevant:1
 |   |   |- [+] [ 53]
 |   |   |   |- Guid:E1CC5E77492C6B36C0735BAC223BB595 BaseClass:/Game/Jamifesto2023/Blueprints/BP_StartingCharacter.BP_StartingCharacter_C NativeClass:/Script/Engine.Character Name:BP_StartingCharacter_C_UAID_90203A1BF9BEB6AF01_1286780558 Label:BP_StartingCharacter SpatiallyLoaded:1 Bounds:IsValid=true, Min=(X=626.000 Y=566.000 Z=460.000), Max=(X=694.000 Y=634.000 Z=636.000) RuntimeGrid:None EditorOnly:0 RuntimeOnly:0 HLODRelevant:0
 |   |   |- [+] [ 54]
 |   |   |   |- Guid:A978D5514AF968E4E435A094DC496EC9 BaseClass: NativeClass:/Script/Engine.StaticMeshActor Name:StaticMeshActor_UAID_507C6F563ECEBFAF01_1616008578 Label:Counter3 SpatiallyLoaded:1 Bounds:IsValid=true, Min=(X=40.507 Y=-2524.891 Z=46.248), Max=(X=457.091 Y=-2086.533 Z=425.951) RuntimeGrid:None EditorOnly:0 RuntimeOnly:0 HLODRelevant:1
 |   |   |- [+] [ 55]
 |   |   |   |- Guid:F52CA595488308497036A38AB64217EF BaseClass: NativeClass:/Script/Engine.PlayerStart Name:PlayerStart_UAID_90203A1BF9BEB3AF01_1574761484 Label:PlayerStart4 SpatiallyLoaded:0 Bounds:IsValid=true, Min=(X=-3440.000 Y=4150.000 Z=50.013), Max=(X=-3360.000 Y=4230.000 Z=234.013) RuntimeGrid:None EditorOnly:0 RuntimeOnly:0 HLODRelevant:0
 |   |   |- [+] [ 56]
 |   |   |   |- Guid:264080B542BD1F75BD0DFEAD79E1D4AF BaseClass: NativeClass:/Script/Engine.StaticMeshActor Name:StaticMeshActor_UAID_A4BB6D9AB85A21AF01_2065372825 Label:Box30 SpatiallyLoaded:1 Bounds:IsValid=true, Min=(X=152.047 Y=2948.483 Z=-20.000), Max=(X=1567.953 Y=3391.517 Z=419.126) RuntimeGrid:None EditorOnly:0 RuntimeOnly:0 HLODRelevant:0
 |   |   |- [+] [ 57]
 |   |   |   |- Guid:DC5620AE4BA2BEB8EA524FB15E52E9C4 BaseClass: NativeClass:/Script/Engine.StaticMeshActor Name:StaticMeshActor_UAID_A4BB6D9AB85A1FAF01_1183085423 Label:Stairs SpatiallyLoaded:1 Bounds:IsValid=true, Min=(X=-2530.554 Y=4602.187 Z=44.862), Max=(X=-1817.261 Y=5126.802 Z=520.391) RuntimeGrid:None EditorOnly:0 RuntimeOnly:0 HLODRelevant:0
 |   |   |- [+] [ 58]
 |   |   |   |- Guid:7A0F9FD147583A126F8A5A8B1E81AC39 BaseClass: NativeClass:/Script/Engine.PlayerStart Name:PlayerStart_UAID_90203A1BF9BEB3AF01_1574749483 Label:PlayerStart3 SpatiallyLoaded:0 Bounds:IsValid=true, Min=(X=-3440.000 Y=3880.000 Z=50.013), Max=(X=-3360.000 Y=3960.000 Z=234.013) RuntimeGrid:None EditorOnly:0 RuntimeOnly:0 HLODRelevant:0
 |   |   |- [+] [ 59]
 |   |   |   |- Guid:356FB4BC44DEEAEA726D86904FB80CB8 BaseClass: NativeClass:/Script/Engine.StaticMeshActor Name:StaticMeshActor_UAID_A4BB6D9AB85A1FAF01_1377235428 Label:Box5 SpatiallyLoaded:1 Bounds:IsValid=true, Min=(X=-2967.670 Y=4602.330 Z=50.000), Max=(X=-2512.330 Y=5057.670 Z=505.340) RuntimeGrid:None EditorOnly:0 RuntimeOnly:0 HLODRelevant:0
 |   |   |- [+] [ 60]
 |   |   |   |- Guid:0973BAF94850E8F59695DABFE249EB94 BaseClass: NativeClass:/Script/Engine.StaticMeshActor Name:StaticMeshActor_UAID_A4BB6D9AB85A2AAF01_1666787355 Label:Basic_Door_3 SpatiallyLoaded:1 Bounds:IsValid=true, Min=(X=1428.828 Y=-426.374 Z=50.000), Max=(X=1670.936 Y=103.856 Z=957.992) RuntimeGrid:None EditorOnly:0 RuntimeOnly:0 HLODRelevant:1
 |   |   |- [+] [ 61]
 |   |   |   |- Guid:2AE8D5E241B7CC3457EE8DB607349950 BaseClass: NativeClass:/Script/Engine.StaticMeshActor Name:StaticMeshActor_UAID_A4BB6D9AB85A22AF01_1625834031 Label:Boolean SpatiallyLoaded:1 Bounds:IsValid=true, Min=(X=2528.408 Y=-2588.713 Z=-25.753), Max=(X=2594.012 Y=5144.338 Z=1138.389) RuntimeGrid:None EditorOnly:0 RuntimeOnly:0 HLODRelevant:0
 |   |   |- [+] [ 62]
 |   |   |   |- Guid:FE5C74B4487F92B8B693FC9928394643 BaseClass:/Game/Jamifesto2023/Blueprints/Components/Bp_LapLine.Bp_LapLine_C NativeClass:/Script/Engine.Actor Name:Bp_LapLine_C_UAID_047C16752F6930AF01_1663154407 Label:Bp_LapLine SpatiallyLoaded:1 Bounds:IsValid=true, Min=(X=-350.000 Y=-32.000 Z=-12.000), Max=(X=350.000 Y=92.000 Z=52.000) RuntimeGrid:None EditorOnly:0 RuntimeOnly:0 HLODRelevant:0
 |   |   |- [+] [ 63]
 |   |   |   |- Guid:31F839C4492DC2CB1DA38CAA66AC7254 BaseClass: NativeClass:/Script/Engine.StaticMeshActor Name:StaticMeshActor_UAID_507C6F563ECEBFAF01_1637094580 Label:Counter4 SpatiallyLoaded:1 Bounds:IsValid=true, Min=(X=453.235 Y=-2524.891 Z=46.248), Max=(X=869.819 Y=-2086.533 Z=425.951) RuntimeGrid:None EditorOnly:0 RuntimeOnly:0 HLODRelevant:1
 |   |   |- [+] [ 64]
 |   |   |   |- Guid:BF8E2B4643E0967F105C75A005145D19 BaseClass: NativeClass:/Script/Engine.StaticMeshActor Name:StaticMeshActor_UAID_507C6F563ECEC1AF01_1551495927 Label:Cuboard SpatiallyLoaded:1 Bounds:IsValid=true, Min=(X=-201.419 Y=-2515.169 Z=670.000), Max=(X=61.419 Y=-2347.303 Z=1070.718) RuntimeGrid:None EditorOnly:0 RuntimeOnly:0 HLODRelevant:1
 |   |   |- [+] [ 65]
 |   |   |   |- Guid:D50A62BE450516E7445235901013607B BaseClass: NativeClass:/Script/Engine.StaticMeshActor Name:StaticMeshActor_UAID_507C6F563ECEC1AF01_1670840928 Label:Cuboard2 SpatiallyLoaded:1 Bounds:IsValid=true, Min=(X=58.581 Y=-2515.169 Z=670.000), Max=(X=321.419 Y=-2347.303 Z=1070.718) RuntimeGrid:None EditorOnly:0 RuntimeOnly:0 HLODRelevant:1
 |   |   |- [+] [ 66]
 |   |   |   |- Guid:74BCF1A349FB1FA234FB26BF40B9EBB3 BaseClass: NativeClass:/Script/Engine.StaticMeshActor Name:StaticMeshActor_UAID_507C6F563ECEC1AF01_1705181929 Label:Cuboard3 SpatiallyLoaded:1 Bounds:IsValid=true, Min=(X=318.581 Y=-2515.169 Z=670.000), Max=(X=581.419 Y=-2347.303 Z=1070.718) RuntimeGrid:None EditorOnly:0 RuntimeOnly:0 HLODRelevant:1
 |   |   |- [+] [ 67]
 |   |   |   |- Guid:95B7E13E4F00ED94609072972CEEC7BC BaseClass: NativeClass:/Script/Engine.StaticMeshActor Name:StaticMeshActor_UAID_507C6F563ECEC1AF01_1721394930 Label:Cuboard4 SpatiallyLoaded:1 Bounds:IsValid=true, Min=(X=628.581 Y=-2515.169 Z=670.000), Max=(X=891.419 Y=-2347.303 Z=1070.718) RuntimeGrid:None EditorOnly:0 RuntimeOnly:0 HLODRelevant:1
 |   |   |- [+] [ 68]
 |   |   |   |- Guid:DB77AF1A49BD45614B60B1B9515F39BD BaseClass: NativeClass:/Script/Engine.StaticMeshActor Name:StaticMeshActor_UAID_507C6F563ECEC1AF01_1727051931 Label:Cuboard5 SpatiallyLoaded:1 Bounds:IsValid=true, Min=(X=888.581 Y=-2515.169 Z=670.000), Max=(X=1151.419 Y=-2347.303 Z=1070.718) RuntimeGrid:None EditorOnly:0 RuntimeOnly:0 HLODRelevant:1
 |   |   |- [+] [ 69]
 |   |   |   |- Guid:2A20A0254536FE7C1C05B38E85944B14 BaseClass: NativeClass:/Script/Engine.StaticMeshActor Name:StaticMeshActor_UAID_507C6F563ECEC1AF01_1729454932 Label:Cuboard6 SpatiallyLoaded:1 Bounds:IsValid=true, Min=(X=1148.581 Y=-2515.169 Z=670.000), Max=(X=1411.419 Y=-2347.303 Z=1070.718) RuntimeGrid:None EditorOnly:0 RuntimeOnly:0 HLODRelevant:1
 |   |   |- [+] [ 70]
 |   |   |   |- Guid:FB8C56EE4E07CBD3EE2C39AC3301DA8A BaseClass: NativeClass:/Script/Engine.StaticMeshActor Name:StaticMeshActor_UAID_507C6F563ECEC1AF01_1737498933 Label:Cuboard7 SpatiallyLoaded:1 Bounds:IsValid=true, Min=(X=1458.581 Y=-2515.169 Z=670.000), Max=(X=1721.419 Y=-2347.303 Z=1070.718) RuntimeGrid:None EditorOnly:0 RuntimeOnly:0 HLODRelevant:1
 |   |   |- [+] [ 71]
 |   |   |   |- Guid:C173519849FEDC98AC0FC3B471A6E8AE BaseClass: NativeClass:/Script/Engine.StaticMeshActor Name:StaticMeshActor_UAID_507C6F563ECEC1AF01_1737500934 Label:Cuboard8 SpatiallyLoaded:1 Bounds:IsValid=true, Min=(X=1718.581 Y=-2515.169 Z=670.000), Max=(X=1981.419 Y=-2347.303 Z=1070.718) RuntimeGrid:None EditorOnly:0 RuntimeOnly:0 HLODRelevant:1
 |   |   |- [+] [ 72]
 |   |   |   |- Guid:2904B52D4EAF4F6398FC28B347705179 BaseClass: NativeClass:/Script/Engine.StaticMeshActor Name:StaticMeshActor_UAID_507C6F563ECEC1AF01_1782896935 Label:Wheelbarrow SpatiallyLoaded:1 Bounds:IsValid=true, Min=(X=2690.361 Y=-1731.455 Z=30.829), Max=(X=3443.331 Y=-741.542 Z=437.341) RuntimeGrid:None EditorOnly:0 RuntimeOnly:0 HLODRelevant:1
 |   |   |- [+] [ 73]
 |   |   |   |- Guid:051F87934A7A89D61360B49E541C122A BaseClass: NativeClass:/Script/Engine.StaticMeshActor Name:StaticMeshActor_UAID_507C6F563ECEC1AF01_1973597936 Label:Box10 SpatiallyLoaded:1 Bounds:IsValid=true, Min=(X=3062.708 Y=-1244.723 Z=41.446), Max=(X=3587.037 Y=-884.267 Z=506.157) RuntimeGrid:None EditorOnly:0 RuntimeOnly:0 HLODRelevant:0
 |   |   |- [+] [ 74]
 |   |   |   |- Guid:E3F29F044893A07E2384028B1D8F2948 BaseClass: NativeClass:/Script/Engine.StaticMeshActor Name:StaticMeshActor_UAID_507C6F563ECEC1AF01_2046458938 Label:Box12 SpatiallyLoaded:1 Bounds:IsValid=true, Min=(X=3169.931 Y=-1424.392 Z=45.174), Max=(X=3564.404 Y=-1174.411 Z=502.788) RuntimeGrid:None EditorOnly:0 RuntimeOnly:0 HLODRelevant:0
 |   |   |- [+] [ 75]
 |   |   |   |- Guid:047DDFD44F219E85AE490BA933B7AA1F BaseClass: NativeClass:/Script/Engine.StaticMeshActor Name:StaticMeshActor_UAID_507C6F563ECEC1AF01_2046459939 Label:Box14 SpatiallyLoaded:1 Bounds:IsValid=true, Min=(X=3113.592 Y=-1338.772 Z=41.446), Max=(X=3637.920 Y=-978.316 Z=506.157) RuntimeGrid:None EditorOnly:0 RuntimeOnly:0 HLODRelevant:0
 |- ContainerInstances:
 |- [+] MainContainer:
 |   |-        ID: 0x0000000000000000
 |   |-    Bounds: IsValid=false, Min=(X=0.000 Y=0.000 Z=0.000), Max=(X=0.000 Y=0.000 Z=0.000)
 |   |- Transform: 0.000000,0.000000,0.000000|0.000000,0.000000,-0.000000|1.000000,1.000000,1.000000
 |   |- Container: /Game/ThirdPerson/Maps/ThirdPersonMap
----------------------------------------------------------------------------------------------------------------
ThirdPersonMap - Persistent Level
----------------------------------------------------------------------------------------------------------------
Always loaded Actor Count: 91 

----------------------------------------------------------------------------------------------------------------
ThirdPersonMap - Runtime Spatial Hash - Streaming Grid - MainGrid
----------------------------------------------------------------------------------------------------------------
            Origin: X=0.000 Y=0.000 Z=0.000
         Cell Size: 12800
      World Bounds: IsValid=false, Min=(X=0.000 Y=0.000 Z=0.000), Max=(X=0.000 Y=0.000 Z=0.000)
     Loading Range: 25600.00
Block Slow Loading: No
 ClientOnlyVisible: No

[+] Grid Levels: 1
 |- Level  0: Cell Count    0 | Cell Size   12800 | Actor Count    0 (0.0%)

[+] Content of Grid Level 0

