[+] Containers:
 |- [+] Container: /Game/ThirdPerson/Maps/ThirdPersonMap
 |   |- [+] ActorDescs:
 |   |   |- Guid:00187AC0482F9788225A49A3003BAFA8 BaseClass: NativeClass:/Script/Engine.StaticMeshActor Name:StaticMeshActor_UAID_A4BB6D9AB85A1FAF01_1632248436 Label:Box13 SpatiallyLoaded:1 Bounds:IsValid=true, Min=(X=-2323.581 Y=1026.696 Z=-25.753), Max=(X=-921.911 Y=1092.299 Z=1138.389) RuntimeGrid:None EditorOnly:0 RuntimeOnly:0 HLODRelevant:0
 |   |   |- Guid:020D05CD4DE0A5BCE77DA096184274DA BaseClass: NativeClass:/Script/Engine.StaticMeshActor Name:StaticMeshActor_UAID_A4BB6D9AB85A21AF01_2089004826 Label:Box31 SpatiallyLoaded:1 Bounds:IsValid=true, Min=(X=-649.145 Y=3897.583 Z=-20.000), Max=(X=9.145 Y=4562.417 Z=419.126) RuntimeGrid:None EditorOnly:0 RuntimeOnly:0 HLODRelevant:0
 |   |   |- Guid:06477D3C492592E098D76BBFF64D49CF BaseClass: NativeClass:/Script/Engine.StaticMeshActor Name:StaticMeshActor_UAID_A4BB6D9AB85A1FAF01_1356710427 Label:Stairs3 SpatiallyLoaded:1 Bounds:IsValid=true, Min=(X=-3780.387 Y=4602.187 Z=880.283), Max=(X=-3067.093 Y=5126.802 Z=1355.812) RuntimeGrid:None EditorOnly:0 RuntimeOnly:0 HLODRelevant:0
 |   |   |- Guid:0D2B824B40D8F4085BB4DEAAD33FA688 BaseClass: NativeClass:/Script/Engine.StaticMeshActor Name:StaticMeshActor_UAID_A4BB6D9AB85A22AF01_1297988016 Label:Box38 SpatiallyLoaded:1 Bounds:IsValid=true, Min=(X=-279.931 Y=-2540.584 Z=690.000), Max=(X=899.931 Y=-2259.416 Z=1066.797) RuntimeGrid:None EditorOnly:0 RuntimeOnly:0 HLODRelevant:0
 |   |   |- Guid:1155952D48F513769AD88A892E98FE69 BaseClass: NativeClass:/Script/Engine.StaticMeshActor Name:StaticMeshActor_UAID_A4BB6D9AB85A20AF01_1763404629 Label:Cube2 SpatiallyLoaded:1 Bounds:IsValid=true, Min=(X=2495.629 Y=-2525.649 Z=-26.248), Max=(X=6464.371 Y=5085.649 Z=46.248) RuntimeGrid:None EditorOnly:0 RuntimeOnly:0 HLODRelevant:1
 |   |   |- Guid:1240421647C046A9530E4495260D7515 BaseClass: NativeClass:/Script/Engine.StaticMeshActor Name:StaticMeshActor_UAID_A4BB6D9AB85A1EAF01_2030343243 Label:Box SpatiallyLoaded:1 Bounds:IsValid=true, Min=(X=-3777.833 Y=-2588.713 Z=-25.753), Max=(X=-3712.229 Y=5144.338 Z=1138.389) RuntimeGrid:None EditorOnly:0 RuntimeOnly:0 HLODRelevant:0
 |   |   |- Guid:24BCBE9740023BBBC24B5B8A4AD994B9 BaseClass: NativeClass:/Script/Engine.StaticMeshActor Name:StaticMeshActor_UAID_A4BB6D9AB85A1EAF01_2109860244 Label:Box2 SpatiallyLoaded:1 Bounds:IsValid=true, Min=(X=-3746.762 Y=-2583.305 Z=-25.753), Max=(X=2601.271 Y=-2517.701 Z=1138.389) RuntimeGrid:None EditorOnly:0 RuntimeOnly:0 HLODRelevant:0
 |   |   |- Guid:264080B542BD1F75BD0DFEAD79E1D4AF BaseClass: NativeClass:/Script/Engine.StaticMeshActor Name:StaticMeshActor_UAID_A4BB6D9AB85A21AF01_2065372825 Label:Box30 SpatiallyLoaded:1 Bounds:IsValid=true, Min=(X=152.047 Y=2948.483 Z=-20.000), Max=(X=1567.953 Y=3391.517 Z=419.126) RuntimeGrid:None EditorOnly:0 RuntimeOnly:0 HLODRelevant:0
 |   |   |- Guid:2AE8D5E241B7CC3457EE8DB607349950 BaseClass: NativeClass:/Script/Engine.StaticMeshActor Name:StaticMeshActor_UAID_A4BB6D9AB85A22AF01_1625834031 Label:Boolean SpatiallyLoaded:1 Bounds:IsValid=true, Min=(X=2528.408 Y=-2588.713 Z=-25.753), Max=(X=2594.012 Y=5144.338 Z=1138.389) RuntimeGrid:None EditorOnly:0 RuntimeOnly:0 HLODRelevant:0
 |   |   |- Guid:2B1FD6B54456E226579372AD452EBBB0 BaseClass: NativeClass:/Script/Engine.StaticMeshActor Name:StaticMeshActor_UAID_A4BB6D9AB85A21AF01_1524406821 Label:Box27 SpatiallyLoaded:1 Bounds:IsValid=true, Min=(X=1979.115 Y=-2533.323 Z=-20.000), Max=(X=2540.885 Y=-886.677 Z=425.940) RuntimeGrid:None EditorOnly:0 RuntimeOnly:0 HLODRelevant:0
 |   |   |- Guid:2FB58999456391D349DC0F86DAC136ED BaseClass: NativeClass:/Script/Engine.SkyLight Name:SkyLight_1 Label:SkyLight SpatiallyLoaded:0 Bounds:IsValid=true, Min=(X=0.000 Y=0.000 Z=690.000), Max=(X=0.000 Y=0.000 Z=690.000) RuntimeGrid:None EditorOnly:0 RuntimeOnly:0 HLODRelevant:0 FolderPath:Lighting FolderGuid:963EC3EB4002CCE9759E2EBA541A873A
 |   |   |- Guid:316CF2A6494ACA4C0E4180A87D36AB8F BaseClass: NativeClass:/Script/Engine.ExponentialHeightFog Name:ExponentialHeightFog_0 Label:ExponentialHeightFog SpatiallyLoaded:0 Bounds:IsValid=true, Min=(X=-5600.000 Y=-50.000 Z=-6850.000), Max=(X=-5600.000 Y=-50.000 Z=-6850.000) RuntimeGrid:None EditorOnly:0 RuntimeOnly:0 HLODRelevant:0 FolderPath:Lighting FolderGuid:963EC3EB4002CCE9759E2EBA541A873A
 |   |   |- Guid:356FB4BC44DEEAEA726D86904FB80CB8 BaseClass: NativeClass:/Script/Engine.StaticMeshActor Name:StaticMeshActor_UAID_A4BB6D9AB85A1FAF01_1377235428 Label:Box5 SpatiallyLoaded:1 Bounds:IsValid=true, Min=(X=-2967.670 Y=4602.330 Z=50.000), Max=(X=-2512.330 Y=5057.670 Z=505.340) RuntimeGrid:None EditorOnly:0 RuntimeOnly:0 HLODRelevant:0
 |   |   |- Guid:3A00AA1C422CE54C0BDB60BAF471BFBB BaseClass: NativeClass:/Script/Engine.PlayerStart Name:PlayerStart_0 Label:PlayerStart SpatiallyLoaded:0 Bounds:IsValid=true, Min=(X=860.000 Y=1070.000 Z=0.013), Max=(X=940.000 Y=1150.000 Z=184.013) RuntimeGrid:None EditorOnly:0 RuntimeOnly:0 HLODRelevant:0
 |   |   |- Guid:3F3AA7CC478758146B64258B00C5F02E BaseClass: NativeClass:/Script/Engine.StaticMeshActor Name:StaticMeshActor_UAID_A4BB6D9AB85A21AF01_1456614819 Label:Box26 SpatiallyLoaded:1 Bounds:IsValid=true, Min=(X=-264.201 Y=-2571.379 Z=-20.000), Max=(X=2184.201 Y=-2088.621 Z=425.940) RuntimeGrid:None EditorOnly:0 RuntimeOnly:0 HLODRelevant:0
 |   |   |- Guid:407D721C4151F831BAC0958B006FDC6E BaseClass: NativeClass:/Script/Engine.StaticMeshActor Name:StaticMeshActor_UAID_A4BB6D9AB85A22AF01_1315533017 Label:Box39 SpatiallyLoaded:1 Bounds:IsValid=true, Min=(X=1027.140 Y=-2540.584 Z=690.000), Max=(X=2532.860 Y=-2259.416 Z=1066.797) RuntimeGrid:None EditorOnly:0 RuntimeOnly:0 HLODRelevant:0
 |   |   |- Guid:43482F3148799153331191BC99427BE8 BaseClass: NativeClass:/Script/Engine.StaticMeshActor Name:StaticMeshActor_UAID_A4BB6D9AB85A1FAF01_1402539431 Label:Box8 SpatiallyLoaded:1 Bounds:IsValid=true, Min=(X=-3741.025 Y=4602.330 Z=450.000), Max=(X=-3118.975 Y=5057.670 Z=905.340) RuntimeGrid:None EditorOnly:0 RuntimeOnly:0 HLODRelevant:0
 |   |   |- Guid:4A8948D44AAD8E7A59DF2B96C0007105 BaseClass: NativeClass:/Script/Engine.StaticMeshActor Name:StaticMeshActor_UAID_A4BB6D9AB85A21AF01_2120708828 Label:Box33 SpatiallyLoaded:1 Bounds:IsValid=true, Min=(X=122.047 Y=4780.997 Z=-30.000), Max=(X=1537.953 Y=5019.003 Z=387.586) RuntimeGrid:None EditorOnly:0 RuntimeOnly:0 HLODRelevant:0
 |   |   |- Guid:4D3BE93F4146AAAC8BBE79999D96D57F BaseClass: NativeClass:/Script/Engine.VolumetricCloud Name:VolumetricCloud_0 Label:VolumetricCloud SpatiallyLoaded:0 Bounds:IsValid=true, Min=(X=0.000 Y=0.000 Z=820.000), Max=(X=0.000 Y=0.000 Z=820.000) RuntimeGrid:None EditorOnly:0 RuntimeOnly:0 HLODRelevant:0 FolderPath:Lighting FolderGuid:963EC3EB4002CCE9759E2EBA541A873A
 |   |   |- Guid:51C10B5E45C07F1D04905980F98A3125 BaseClass: NativeClass:/Script/Engine.StaticMeshActor Name:StaticMeshActor_UAID_A4BB6D9AB85A22AF01_1602135027 Label:Boolean7 SpatiallyLoaded:1 Bounds:IsValid=true, Min=(X=-3773.996 Y=-33.304 Z=-25.753), Max=(X=-931.495 Y=32.299 Z=1138.389) RuntimeGrid:None EditorOnly:0 RuntimeOnly:0 HLODRelevant:0
 |   |   |- Guid:5FCD3ED447840A9107CD8ABC81A7EFE0 BaseClass: NativeClass:/Script/Engine.StaticMeshActor Name:StaticMeshActor_UAID_A4BB6D9AB85A22AF01_1596991026 Label:Boolean6 SpatiallyLoaded:1 Bounds:IsValid=true, Min=(X=-2335.547 Y=1042.321 Z=-25.753), Max=(X=-2269.944 Y=2216.674 Z=1138.389) RuntimeGrid:None EditorOnly:0 RuntimeOnly:0 HLODRelevant:0
 |   |   |- Guid:670CC4834878DD68B9C04EB00CB3B46E BaseClass: NativeClass:/Script/Engine.StaticMeshActor Name:StaticMeshActor_UAID_A4BB6D9AB85A22AF01_1081988006 Label:Box35 SpatiallyLoaded:1 Bounds:IsValid=true, Min=(X=-126.897 Y=4822.377 Z=-30.000), Max=(X=26.897 Y=4977.623 Z=680.016) RuntimeGrid:None EditorOnly:0 RuntimeOnly:0 HLODRelevant:0
 |   |   |- Guid:6B00B74D4B7B306ACCB05FABB7B68CB0 BaseClass: NativeClass:/Script/Engine.StaticMeshActor Name:StaticMeshActor_UAID_A4BB6D9AB85A22AF01_1621251030 Label:Boolean9 SpatiallyLoaded:1 Bounds:IsValid=true, Min=(X=-944.481 Y=-443.304 Z=-25.753), Max=(X=2578.990 Y=-377.701 Z=1138.389) RuntimeGrid:None EditorOnly:0 RuntimeOnly:0 HLODRelevant:0
 |   |   |- Guid:6BAF4DDD444C60371492D3919DB42C97 BaseClass: NativeClass:/Script/Engine.WorldDataLayers Name:WorldDataLayers Label:WorldDataLayers SpatiallyLoaded:0 Bounds:IsValid=true, Min=(X=0.000 Y=0.000 Z=0.000), Max=(X=0.000 Y=0.000 Z=0.000) RuntimeGrid:None EditorOnly:0 RuntimeOnly:0 HLODRelevant:0
 |   |   |- Guid:72547C7E427A0B8C925DAABBB84E9559 BaseClass: NativeClass:/Script/Engine.StaticMeshActor Name:StaticMeshActor_UAID_A4BB6D9AB85A22AF01_1258384013 Label:Boolean4 SpatiallyLoaded:1 Bounds:IsValid=true, Min=(X=2695.624 Y=-1339.177 Z=50.000), Max=(X=3314.011 Y=-680.823 Z=411.006) RuntimeGrid:None EditorOnly:0 RuntimeOnly:0 HLODRelevant:0
 |   |   |- Guid:81D3455B47BEAE34A1B70E9D1CCB2F0C BaseClass: NativeClass:/Script/Engine.StaticMeshActor Name:StaticMeshActor_UAID_A4BB6D9AB85A22AF01_1435413022 Label:Box41 SpatiallyLoaded:1 Bounds:IsValid=true, Min=(X=1904.774 Y=4962.081 Z=30.000), Max=(X=2335.226 Y=5177.919 Z=961.564) RuntimeGrid:None EditorOnly:0 RuntimeOnly:0 HLODRelevant:0
 |   |   |- Guid:8A43FDFA41F14EB295E0FF845996C731 BaseClass: NativeClass:/Script/Engine.StaticMeshActor Name:StaticMeshActor_UAID_A4BB6D9AB85A20AF01_1664113625 Label:Boolean3 SpatiallyLoaded:1 Bounds:IsValid=true, Min=(X=-944.481 Y=1706.696 Z=-25.753), Max=(X=2578.990 Y=1772.299 Z=1138.389) RuntimeGrid:None EditorOnly:0 RuntimeOnly:0 HLODRelevant:0
 |   |   |- Guid:8D38C30E447B84EFAEDC54B97E134AA8 BaseClass: NativeClass:/Script/Engine.StaticMeshActor Name:StaticMeshActor_UAID_A4BB6D9AB85A21AF01_1598330823 Label:Box28 SpatiallyLoaded:1 Bounds:IsValid=true, Min=(X=19.846 Y=-1720.145 Z=-20.000), Max=(X=1540.154 Y=-999.855 Z=425.940) RuntimeGrid:None EditorOnly:0 RuntimeOnly:0 HLODRelevant:0
 |   |   |- Guid:979761B24FF4A2BABE1E88B0512744FF BaseClass: NativeClass:/Script/Engine.StaticMeshActor Name:StaticMeshActor_UAID_A4BB6D9AB85A22AF01_1387997020 Label:Box40 SpatiallyLoaded:1 Bounds:IsValid=true, Min=(X=-735.226 Y=4962.081 Z=30.000), Max=(X=-304.774 Y=5177.919 Z=961.564) RuntimeGrid:None EditorOnly:0 RuntimeOnly:0 HLODRelevant:0
 |   |   |- Guid:9D54B307418FBAC1917A2B953AEBE352 BaseClass: NativeClass:/Script/Engine.StaticMeshActor Name:StaticMeshActor_UAID_A4BB6D9AB85A1FAF01_1398856430 Label:Box7 SpatiallyLoaded:1 Bounds:IsValid=true, Min=(X=-3737.670 Y=4602.330 Z=50.000), Max=(X=-3282.330 Y=5057.670 Z=505.340) RuntimeGrid:None EditorOnly:0 RuntimeOnly:0 HLODRelevant:0
 |   |   |- Guid:A73D3D1343BC25D230BB8FAB241DC75C BaseClass: NativeClass:/Script/Engine.StaticMeshActor Name:StaticMeshActor_UAID_A4BB6D9AB85A21AF01_2109264827 Label:Box32 SpatiallyLoaded:1 Bounds:IsValid=true, Min=(X=1544.128 Y=3504.412 Z=-20.000), Max=(X=2175.872 Y=4155.588 Z=419.126) RuntimeGrid:None EditorOnly:0 RuntimeOnly:0 HLODRelevant:0
 |   |   |- Guid:A8EAC9F54DECC8A54631C7A3C5B31830 BaseClass: NativeClass:/Script/Engine.StaticMeshActor Name:StaticMeshActor_UAID_A4BB6D9AB85A1FAF01_1395642429 Label:Box6 SpatiallyLoaded:1 Bounds:IsValid=true, Min=(X=-3367.670 Y=4602.330 Z=50.000), Max=(X=-2912.330 Y=5057.670 Z=505.340) RuntimeGrid:None EditorOnly:0 RuntimeOnly:0 HLODRelevant:0
 |   |   |- Guid:A91F90D3468CD57DB9FEC49F0DD5F9EA BaseClass: NativeClass:/Script/Engine.StaticMeshActor Name:StaticMeshActor_UAID_A4BB6D9AB85A1EAF01_1437411241 Label:Cylinder SpatiallyLoaded:1 Bounds:IsValid=true, Min=(X=-3481.717 Y=-22891.165 Z=42.509), Max=(X=-3331.717 Y=-22741.165 Z=73.519) RuntimeGrid:None EditorOnly:0 RuntimeOnly:0 HLODRelevant:1
 |   |   |- Guid:B43CA6BE49C463C39E7346B569064178 BaseClass: NativeClass:/Script/Engine.StaticMeshActor Name:StaticMeshActor_UAID_A4BB6D9AB85A1EAF01_1336185239 Label:Cube SpatiallyLoaded:1 Bounds:IsValid=true, Min=(X=-3764.465 Y=-2525.649 Z=-26.248), Max=(X=2564.465 Y=5085.649 Z=46.248) RuntimeGrid:None EditorOnly:0 RuntimeOnly:0 HLODRelevant:1
 |   |   |- Guid:B620FABB45AD221978246AB37A552AFE BaseClass: NativeClass:/Script/Engine.StaticMeshActor Name:StaticMeshActor_UAID_A4BB6D9AB85A22AF01_1633782032 Label:Boolean2 SpatiallyLoaded:1 Bounds:IsValid=true, Min=(X=-961.592 Y=-2588.713 Z=-25.753), Max=(X=-895.988 Y=5144.338 Z=1138.389) RuntimeGrid:None EditorOnly:0 RuntimeOnly:0 HLODRelevant:0
 |   |   |- Guid:B68CF0554F33E96B1FB06FA2BCEEACFA BaseClass: NativeClass:/Script/Engine.StaticMeshActor Name:StaticMeshActor_UAID_A4BB6D9AB85A22AF01_1093144007 Label:Box36 SpatiallyLoaded:1 Bounds:IsValid=true, Min=(X=342.073 Y=5043.999 Z=430.000), Max=(X=1317.927 Y=5076.001 Z=950.741) RuntimeGrid:None EditorOnly:0 RuntimeOnly:0 HLODRelevant:0
 |   |   |- Guid:B785ED2844B84CFB91E7F39FE661CD99 BaseClass: NativeClass:/Script/Engine.DirectionalLight Name:DirectionalLight_0 Label:DirectionalLight SpatiallyLoaded:0 Bounds:IsValid=true, Min=(X=-1048576.000 Y=-1048576.000 Z=-1048576.000), Max=(X=1048576.000 Y=1048576.000 Z=1048576.000) RuntimeGrid:None EditorOnly:0 RuntimeOnly:0 HLODRelevant:0 FolderPath:Lighting FolderGuid:963EC3EB4002CCE9759E2EBA541A873A
 |   |   |- Guid:BA323CF54D85279446C0D5839326D988 BaseClass: NativeClass:/Script/Engine.StaticMeshActor Name:StaticMeshActor_UAID_A4BB6D9AB85A22AF01_1588028025 Label:Boolean5 SpatiallyLoaded:1 Bounds:IsValid=true, Min=(X=-3773.996 Y=2156.696 Z=-25.753), Max=(X=-931.495 Y=2222.299 Z=1138.389) RuntimeGrid:None EditorOnly:0 RuntimeOnly:0 HLODRelevant:0
 |   |   |- Guid:BDEF0C594B4AC31900AF29AC77F2FC34 BaseClass: NativeClass:/Script/Engine.StaticMeshActor Name:StaticMeshActor_UAID_A4BB6D9AB85A21AF01_2143201829 Label:Box34 SpatiallyLoaded:1 Bounds:IsValid=true, Min=(X=1663.103 Y=4822.377 Z=-30.000), Max=(X=1816.897 Y=4977.623 Z=680.016) RuntimeGrid:None EditorOnly:0 RuntimeOnly:0 HLODRelevant:0
 |   |   |- Guid:CCFF262C46EEFFDF319E7F9539CE697E BaseClass: NativeClass:/Script/Engine.SkyAtmosphere Name:SkyAtmosphere_0 Label:SkyAtmosphere SpatiallyLoaded:0 Bounds:IsValid=true, Min=(X=0.000 Y=0.000 Z=1020.000), Max=(X=0.000 Y=0.000 Z=1020.000) RuntimeGrid:None EditorOnly:0 RuntimeOnly:0 HLODRelevant:0 FolderPath:Lighting FolderGuid:963EC3EB4002CCE9759E2EBA541A873A
 |   |   |- Guid:D0240FDA46A1398D37A26CA1E9401363 BaseClass: NativeClass:/Script/Engine.StaticMeshActor Name:StaticMeshActor_UAID_A4BB6D9AB85A1FAF01_1209970424 Label:Stairs2 SpatiallyLoaded:1 Bounds:IsValid=true, Min=(X=-3160.387 Y=4602.187 Z=460.283), Max=(X=-2447.093 Y=5126.802 Z=935.812) RuntimeGrid:None EditorOnly:0 RuntimeOnly:0 HLODRelevant:0
 |   |   |- Guid:D4BBC2AF409D390A9795F98FCC6C8B78 BaseClass: NativeClass:/Script/Engine.StaticMeshActor Name:StaticMeshActor_UAID_A4BB6D9AB85A22AF01_1142652008 Label:Box37 SpatiallyLoaded:1 Bounds:IsValid=true, Min=(X=-892.419 Y=2206.349 Z=30.000), Max=(X=-707.581 Y=2853.651 Z=925.711) RuntimeGrid:None EditorOnly:0 RuntimeOnly:0 HLODRelevant:0
 |   |   |- Guid:DC5620AE4BA2BEB8EA524FB15E52E9C4 BaseClass: NativeClass:/Script/Engine.StaticMeshActor Name:StaticMeshActor_UAID_A4BB6D9AB85A1FAF01_1183085423 Label:Stairs SpatiallyLoaded:1 Bounds:IsValid=true, Min=(X=-2530.554 Y=4602.187 Z=44.862), Max=(X=-1817.261 Y=5126.802 Z=520.391) RuntimeGrid:None EditorOnly:0 RuntimeOnly:0 HLODRelevant:0
 |   |   |- Guid:E1D4826E4110C5F6E5219BA2AE812CF7 BaseClass: NativeClass:/Script/Engine.StaticMeshActor Name:StaticMeshActor_UAID_A4BB6D9AB85A1FAF01_1093485421 Label:Box3 SpatiallyLoaded:1 Bounds:IsValid=true, Min=(X=-3746.762 Y=5079.002 Z=-25.753), Max=(X=2601.271 Y=5144.606 Z=1138.389) RuntimeGrid:None EditorOnly:0 RuntimeOnly:0 HLODRelevant:0
 |   |   |- Guid:F5E3FEB3450C49844FD93DA8E083C8AD BaseClass: NativeClass:/Script/Engine.PostProcessVolume Name:PostProcessVolume_0 Label:PostProcessVolume SpatiallyLoaded:0 Bounds:IsValid=true, Min=(X=0.000 Y=0.000 Z=400.000), Max=(X=200.000 Y=200.000 Z=600.000) RuntimeGrid:None EditorOnly:0 RuntimeOnly:0 HLODRelevant:0 FolderPath:Lighting FolderGuid:963EC3EB4002CCE9759E2EBA541A873A
 |   |   |- Guid:F6940F564C2281E42AE68BB5C3447B36 BaseClass: NativeClass:/Script/Engine.StaticMeshActor Name:StaticMeshActor_UAID_A4BB6D9AB85A21AF01_1991404824 Label:Box29 SpatiallyLoaded:1 Bounds:IsValid=true, Min=(X=7.097 Y=49.581 Z=-20.000), Max=(X=1972.903 Y=1070.419 Z=463.306) RuntimeGrid:None EditorOnly:0 RuntimeOnly:0 HLODRelevant:0
 |   |   |- Guid:FD04F3C9493D6C9DFA67A0985DD2C72A BaseClass: NativeClass:/Script/Engine.StaticMeshActor Name:StaticMeshActor_UAID_A4BB6D9AB85A20AF01_1682917626 Label:Box9 SpatiallyLoaded:1 Bounds:IsValid=true, Min=(X=-990.000 Y=2922.890 Z=0.476), Max=(X=-890.000 Y=3417.110 Z=959.524) RuntimeGrid:None EditorOnly:0 RuntimeOnly:0 HLODRelevant:0
 |   |   |- Guid:FE5C74B4487F92B8B693FC9928394643 BaseClass:/Game/Jamifesto2023/Blueprints/Components/Bp_LapLine.Bp_LapLine_C NativeClass:/Script/Engine.Actor Name:Bp_LapLine_C_UAID_047C16752F6930AF01_1663154407 Label:Bp_LapLine SpatiallyLoaded:1 Bounds:IsValid=true, Min=(X=12.500 Y=1725.000 Z=50.000), Max=(X=1587.500 Y=1775.000 Z=50.000) RuntimeGrid:None EditorOnly:0 RuntimeOnly:0 HLODRelevant:0
 |   |- [+] Clusters:
 |   |   |- [+] [  0]
 |   |   |   |- Guid:6BAF4DDD444C60371492D3919DB42C97 BaseClass: NativeClass:/Script/Engine.WorldDataLayers Name:WorldDataLayers Label:WorldDataLayers SpatiallyLoaded:0 Bounds:IsValid=true, Min=(X=0.000 Y=0.000 Z=0.000), Max=(X=0.000 Y=0.000 Z=0.000) RuntimeGrid:None EditorOnly:0 RuntimeOnly:0 HLODRelevant:0
 |   |   |- [+] [  1]
 |   |   |   |- Guid:BDEF0C594B4AC31900AF29AC77F2FC34 BaseClass: NativeClass:/Script/Engine.StaticMeshActor Name:StaticMeshActor_UAID_A4BB6D9AB85A21AF01_2143201829 Label:Box34 SpatiallyLoaded:1 Bounds:IsValid=true, Min=(X=1663.103 Y=4822.377 Z=-30.000), Max=(X=1816.897 Y=4977.623 Z=680.016) RuntimeGrid:None EditorOnly:0 RuntimeOnly:0 HLODRelevant:0
 |   |   |- [+] [  2]
 |   |   |   |- Guid:9D54B307418FBAC1917A2B953AEBE352 BaseClass: NativeClass:/Script/Engine.StaticMeshActor Name:StaticMeshActor_UAID_A4BB6D9AB85A1FAF01_1398856430 Label:Box7 SpatiallyLoaded:1 Bounds:IsValid=true, Min=(X=-3737.670 Y=4602.330 Z=50.000), Max=(X=-3282.330 Y=5057.670 Z=505.340) RuntimeGrid:None EditorOnly:0 RuntimeOnly:0 HLODRelevant:0
 |   |   |- [+] [  3]
 |   |   |   |- Guid:06477D3C492592E098D76BBFF64D49CF BaseClass: NativeClass:/Script/Engine.StaticMeshActor Name:StaticMeshActor_UAID_A4BB6D9AB85A1FAF01_1356710427 Label:Stairs3 SpatiallyLoaded:1 Bounds:IsValid=true, Min=(X=-3780.387 Y=4602.187 Z=880.283), Max=(X=-3067.093 Y=5126.802 Z=1355.812) RuntimeGrid:None EditorOnly:0 RuntimeOnly:0 HLODRelevant:0
 |   |   |- [+] [  4]
 |   |   |   |- Guid:F5E3FEB3450C49844FD93DA8E083C8AD BaseClass: NativeClass:/Script/Engine.PostProcessVolume Name:PostProcessVolume_0 Label:PostProcessVolume SpatiallyLoaded:0 Bounds:IsValid=true, Min=(X=0.000 Y=0.000 Z=400.000), Max=(X=200.000 Y=200.000 Z=600.000) RuntimeGrid:None EditorOnly:0 RuntimeOnly:0 HLODRelevant:0 FolderPath:Lighting FolderGuid:963EC3EB4002CCE9759E2EBA541A873A
 |   |   |- [+] [  5]
 |   |   |   |- Guid:81D3455B47BEAE34A1B70E9D1CCB2F0C BaseClass: NativeClass:/Script/Engine.StaticMeshActor Name:StaticMeshActor_UAID_A4BB6D9AB85A22AF01_1435413022 Label:Box41 SpatiallyLoaded:1 Bounds:IsValid=true, Min=(X=1904.774 Y=4962.081 Z=30.000), Max=(X=2335.226 Y=5177.919 Z=961.564) RuntimeGrid:None EditorOnly:0 RuntimeOnly:0 HLODRelevant:0
 |   |   |- [+] [  6]
 |   |   |   |- Guid:0D2B824B40D8F4085BB4DEAAD33FA688 BaseClass: NativeClass:/Script/Engine.StaticMeshActor Name:StaticMeshActor_UAID_A4BB6D9AB85A22AF01_1297988016 Label:Box38 SpatiallyLoaded:1 Bounds:IsValid=true, Min=(X=-279.931 Y=-2540.584 Z=690.000), Max=(X=899.931 Y=-2259.416 Z=1066.797) RuntimeGrid:None EditorOnly:0 RuntimeOnly:0 HLODRelevant:0
 |   |   |- [+] [  7]
 |   |   |   |- Guid:6B00B74D4B7B306ACCB05FABB7B68CB0 BaseClass: NativeClass:/Script/Engine.StaticMeshActor Name:StaticMeshActor_UAID_A4BB6D9AB85A22AF01_1621251030 Label:Boolean9 SpatiallyLoaded:1 Bounds:IsValid=true, Min=(X=-944.481 Y=-443.304 Z=-25.753), Max=(X=2578.990 Y=-377.701 Z=1138.389) RuntimeGrid:None EditorOnly:0 RuntimeOnly:0 HLODRelevant:0
 |   |   |- [+] [  8]
 |   |   |   |- Guid:43482F3148799153331191BC99427BE8 BaseClass: NativeClass:/Script/Engine.StaticMeshActor Name:StaticMeshActor_UAID_A4BB6D9AB85A1FAF01_1402539431 Label:Box8 SpatiallyLoaded:1 Bounds:IsValid=true, Min=(X=-3741.025 Y=4602.330 Z=450.000), Max=(X=-3118.975 Y=5057.670 Z=905.340) RuntimeGrid:None EditorOnly:0 RuntimeOnly:0 HLODRelevant:0
 |   |   |- [+] [  9]
 |   |   |   |- Guid:4A8948D44AAD8E7A59DF2B96C0007105 BaseClass: NativeClass:/Script/Engine.StaticMeshActor Name:StaticMeshActor_UAID_A4BB6D9AB85A21AF01_2120708828 Label:Box33 SpatiallyLoaded:1 Bounds:IsValid=true, Min=(X=122.047 Y=4780.997 Z=-30.000), Max=(X=1537.953 Y=5019.003 Z=387.586) RuntimeGrid:None EditorOnly:0 RuntimeOnly:0 HLODRelevant:0
 |   |   |- [+] [ 10]
 |   |   |   |- Guid:00187AC0482F9788225A49A3003BAFA8 BaseClass: NativeClass:/Script/Engine.StaticMeshActor Name:StaticMeshActor_UAID_A4BB6D9AB85A1FAF01_1632248436 Label:Box13 SpatiallyLoaded:1 Bounds:IsValid=true, Min=(X=-2323.581 Y=1026.696 Z=-25.753), Max=(X=-921.911 Y=1092.299 Z=1138.389) RuntimeGrid:None EditorOnly:0 RuntimeOnly:0 HLODRelevant:0
 |   |   |- [+] [ 11]
 |   |   |   |- Guid:B43CA6BE49C463C39E7346B569064178 BaseClass: NativeClass:/Script/Engine.StaticMeshActor Name:StaticMeshActor_UAID_A4BB6D9AB85A1EAF01_1336185239 Label:Cube SpatiallyLoaded:1 Bounds:IsValid=true, Min=(X=-3764.465 Y=-2525.649 Z=-26.248), Max=(X=2564.465 Y=5085.649 Z=46.248) RuntimeGrid:None EditorOnly:0 RuntimeOnly:0 HLODRelevant:1
 |   |   |- [+] [ 12]
 |   |   |   |- Guid:F6940F564C2281E42AE68BB5C3447B36 BaseClass: NativeClass:/Script/Engine.StaticMeshActor Name:StaticMeshActor_UAID_A4BB6D9AB85A21AF01_1991404824 Label:Box29 SpatiallyLoaded:1 Bounds:IsValid=true, Min=(X=7.097 Y=49.581 Z=-20.000), Max=(X=1972.903 Y=1070.419 Z=463.306) RuntimeGrid:None EditorOnly:0 RuntimeOnly:0 HLODRelevant:0
 |   |   |- [+] [ 13]
 |   |   |   |- Guid:1155952D48F513769AD88A892E98FE69 BaseClass: NativeClass:/Script/Engine.StaticMeshActor Name:StaticMeshActor_UAID_A4BB6D9AB85A20AF01_1763404629 Label:Cube2 SpatiallyLoaded:1 Bounds:IsValid=true, Min=(X=2495.629 Y=-2525.649 Z=-26.248), Max=(X=6464.371 Y=5085.649 Z=46.248) RuntimeGrid:None EditorOnly:0 RuntimeOnly:0 HLODRelevant:1
 |   |   |- [+] [ 14]
 |   |   |   |- Guid:4D3BE93F4146AAAC8BBE79999D96D57F BaseClass: NativeClass:/Script/Engine.VolumetricCloud Name:VolumetricCloud_0 Label:VolumetricCloud SpatiallyLoaded:0 Bounds:IsValid=true, Min=(X=0.000 Y=0.000 Z=820.000), Max=(X=0.000 Y=0.000 Z=820.000) RuntimeGrid:None EditorOnly:0 RuntimeOnly:0 HLODRelevant:0 FolderPath:Lighting FolderGuid:963EC3EB4002CCE9759E2EBA541A873A
 |   |   |- [+] [ 15]
 |   |   |   |- Guid:020D05CD4DE0A5BCE77DA096184274DA BaseClass: NativeClass:/Script/Engine.StaticMeshActor Name:StaticMeshActor_UAID_A4BB6D9AB85A21AF01_2089004826 Label:Box31 SpatiallyLoaded:1 Bounds:IsValid=true, Min=(X=-649.145 Y=3897.583 Z=-20.000), Max=(X=9.145 Y=4562.417 Z=419.126) RuntimeGrid:None EditorOnly:0 RuntimeOnly:0 HLODRelevant:0
 |   |   |- [+] [ 16]
 |   |   |   |- Guid:A8EAC9F54DECC8A54631C7A3C5B31830 BaseClass: NativeClass:/Script/Engine.StaticMeshActor Name:StaticMeshActor_UAID_A4BB6D9AB85A1FAF01_1395642429 Label:Box6 SpatiallyLoaded:1 Bounds:IsValid=true, Min=(X=-3367.670 Y=4602.330 Z=50.000), Max=(X=-2912.330 Y=5057.670 Z=505.340) RuntimeGrid:None EditorOnly:0 RuntimeOnly:0 HLODRelevant:0
 |   |   |- [+] [ 17]
 |   |   |   |- Guid:1240421647C046A9530E4495260D7515 BaseClass: NativeClass:/Script/Engine.StaticMeshActor Name:StaticMeshActor_UAID_A4BB6D9AB85A1EAF01_2030343243 Label:Box SpatiallyLoaded:1 Bounds:IsValid=true, Min=(X=-3777.833 Y=-2588.713 Z=-25.753), Max=(X=-3712.229 Y=5144.338 Z=1138.389) RuntimeGrid:None EditorOnly:0 RuntimeOnly:0 HLODRelevant:0
 |   |   |- [+] [ 18]
 |   |   |   |- Guid:979761B24FF4A2BABE1E88B0512744FF BaseClass: NativeClass:/Script/Engine.StaticMeshActor Name:StaticMeshActor_UAID_A4BB6D9AB85A22AF01_1387997020 Label:Box40 SpatiallyLoaded:1 Bounds:IsValid=true, Min=(X=-735.226 Y=4962.081 Z=30.000), Max=(X=-304.774 Y=5177.919 Z=961.564) RuntimeGrid:None EditorOnly:0 RuntimeOnly:0 HLODRelevant:0
 |   |   |- [+] [ 19]
 |   |   |   |- Guid:CCFF262C46EEFFDF319E7F9539CE697E BaseClass: NativeClass:/Script/Engine.SkyAtmosphere Name:SkyAtmosphere_0 Label:SkyAtmosphere SpatiallyLoaded:0 Bounds:IsValid=true, Min=(X=0.000 Y=0.000 Z=1020.000), Max=(X=0.000 Y=0.000 Z=1020.000) RuntimeGrid:None EditorOnly:0 RuntimeOnly:0 HLODRelevant:0 FolderPath:Lighting FolderGuid:963EC3EB4002CCE9759E2EBA541A873A
 |   |   |- [+] [ 20]
 |   |   |   |- Guid:8A43FDFA41F14EB295E0FF845996C731 BaseClass: NativeClass:/Script/Engine.StaticMeshActor Name:StaticMeshActor_UAID_A4BB6D9AB85A20AF01_1664113625 Label:Boolean3 SpatiallyLoaded:1 Bounds:IsValid=true, Min=(X=-944.481 Y=1706.696 Z=-25.753), Max=(X=2578.990 Y=1772.299 Z=1138.389) RuntimeGrid:None EditorOnly:0 RuntimeOnly:0 HLODRelevant:0
 |   |   |- [+] [ 21]
 |   |   |   |- Guid:670CC4834878DD68B9C04EB00CB3B46E BaseClass: NativeClass:/Script/Engine.StaticMeshActor Name:StaticMeshActor_UAID_A4BB6D9AB85A22AF01_1081988006 Label:Box35 SpatiallyLoaded:1 Bounds:IsValid=true, Min=(X=-126.897 Y=4822.377 Z=-30.000), Max=(X=26.897 Y=4977.623 Z=680.016) RuntimeGrid:None EditorOnly:0 RuntimeOnly:0 HLODRelevant:0
 |   |   |- [+] [ 22]
 |   |   |   |- Guid:B68CF0554F33E96B1FB06FA2BCEEACFA BaseClass: NativeClass:/Script/Engine.StaticMeshActor Name:StaticMeshActor_UAID_A4BB6D9AB85A22AF01_1093144007 Label:Box36 SpatiallyLoaded:1 Bounds:IsValid=true, Min=(X=342.073 Y=5043.999 Z=430.000), Max=(X=1317.927 Y=5076.001 Z=950.741) RuntimeGrid:None EditorOnly:0 RuntimeOnly:0 HLODRelevant:0
 |   |   |- [+] [ 23]
 |   |   |   |- Guid:8D38C30E447B84EFAEDC54B97E134AA8 BaseClass: NativeClass:/Script/Engine.StaticMeshActor Name:StaticMeshActor_UAID_A4BB6D9AB85A21AF01_1598330823 Label:Box28 SpatiallyLoaded:1 Bounds:IsValid=true, Min=(X=19.846 Y=-1720.145 Z=-20.000), Max=(X=1540.154 Y=-999.855 Z=425.940) RuntimeGrid:None EditorOnly:0 RuntimeOnly:0 HLODRelevant:0
 |   |   |- [+] [ 24]
 |   |   |   |- Guid:E1D4826E4110C5F6E5219BA2AE812CF7 BaseClass: NativeClass:/Script/Engine.StaticMeshActor Name:StaticMeshActor_UAID_A4BB6D9AB85A1FAF01_1093485421 Label:Box3 SpatiallyLoaded:1 Bounds:IsValid=true, Min=(X=-3746.762 Y=5079.002 Z=-25.753), Max=(X=2601.271 Y=5144.606 Z=1138.389) RuntimeGrid:None EditorOnly:0 RuntimeOnly:0 HLODRelevant:0
 |   |   |- [+] [ 25]
 |   |   |   |- Guid:B785ED2844B84CFB91E7F39FE661CD99 BaseClass: NativeClass:/Script/Engine.DirectionalLight Name:DirectionalLight_0 Label:DirectionalLight SpatiallyLoaded:0 Bounds:IsValid=true, Min=(X=-1048576.000 Y=-1048576.000 Z=-1048576.000), Max=(X=1048576.000 Y=1048576.000 Z=1048576.000) RuntimeGrid:None EditorOnly:0 RuntimeOnly:0 HLODRelevant:0 FolderPath:Lighting FolderGuid:963EC3EB4002CCE9759E2EBA541A873A
 |   |   |- [+] [ 26]
 |   |   |   |- Guid:A73D3D1343BC25D230BB8FAB241DC75C BaseClass: NativeClass:/Script/Engine.StaticMeshActor Name:StaticMeshActor_UAID_A4BB6D9AB85A21AF01_2109264827 Label:Box32 SpatiallyLoaded:1 Bounds:IsValid=true, Min=(X=1544.128 Y=3504.412 Z=-20.000), Max=(X=2175.872 Y=4155.588 Z=419.126) RuntimeGrid:None EditorOnly:0 RuntimeOnly:0 HLODRelevant:0
 |   |   |- [+] [ 27]
 |   |   |   |- Guid:FD04F3C9493D6C9DFA67A0985DD2C72A BaseClass: NativeClass:/Script/Engine.StaticMeshActor Name:StaticMeshActor_UAID_A4BB6D9AB85A20AF01_1682917626 Label:Box9 SpatiallyLoaded:1 Bounds:IsValid=true, Min=(X=-990.000 Y=2922.890 Z=0.476), Max=(X=-890.000 Y=3417.110 Z=959.524) RuntimeGrid:None EditorOnly:0 RuntimeOnly:0 HLODRelevant:0
 |   |   |- [+] [ 28]
 |   |   |   |- Guid:D0240FDA46A1398D37A26CA1E9401363 BaseClass: NativeClass:/Script/Engine.StaticMeshActor Name:StaticMeshActor_UAID_A4BB6D9AB85A1FAF01_1209970424 Label:Stairs2 SpatiallyLoaded:1 Bounds:IsValid=true, Min=(X=-3160.387 Y=4602.187 Z=460.283), Max=(X=-2447.093 Y=5126.802 Z=935.812) RuntimeGrid:None EditorOnly:0 RuntimeOnly:0 HLODRelevant:0
 |   |   |- [+] [ 29]
 |   |   |   |- Guid:316CF2A6494ACA4C0E4180A87D36AB8F BaseClass: NativeClass:/Script/Engine.ExponentialHeightFog Name:ExponentialHeightFog_0 Label:ExponentialHeightFog SpatiallyLoaded:0 Bounds:IsValid=true, Min=(X=-5600.000 Y=-50.000 Z=-6850.000), Max=(X=-5600.000 Y=-50.000 Z=-6850.000) RuntimeGrid:None EditorOnly:0 RuntimeOnly:0 HLODRelevant:0 FolderPath:Lighting FolderGuid:963EC3EB4002CCE9759E2EBA541A873A
 |   |   |- [+] [ 30]
 |   |   |   |- Guid:407D721C4151F831BAC0958B006FDC6E BaseClass: NativeClass:/Script/Engine.StaticMeshActor Name:StaticMeshActor_UAID_A4BB6D9AB85A22AF01_1315533017 Label:Box39 SpatiallyLoaded:1 Bounds:IsValid=true, Min=(X=1027.140 Y=-2540.584 Z=690.000), Max=(X=2532.860 Y=-2259.416 Z=1066.797) RuntimeGrid:None EditorOnly:0 RuntimeOnly:0 HLODRelevant:0
 |   |   |- [+] [ 31]
 |   |   |   |- Guid:51C10B5E45C07F1D04905980F98A3125 BaseClass: NativeClass:/Script/Engine.StaticMeshActor Name:StaticMeshActor_UAID_A4BB6D9AB85A22AF01_1602135027 Label:Boolean7 SpatiallyLoaded:1 Bounds:IsValid=true, Min=(X=-3773.996 Y=-33.304 Z=-25.753), Max=(X=-931.495 Y=32.299 Z=1138.389) RuntimeGrid:None EditorOnly:0 RuntimeOnly:0 HLODRelevant:0
 |   |   |- [+] [ 32]
 |   |   |   |- Guid:D4BBC2AF409D390A9795F98FCC6C8B78 BaseClass: NativeClass:/Script/Engine.StaticMeshActor Name:StaticMeshActor_UAID_A4BB6D9AB85A22AF01_1142652008 Label:Box37 SpatiallyLoaded:1 Bounds:IsValid=true, Min=(X=-892.419 Y=2206.349 Z=30.000), Max=(X=-707.581 Y=2853.651 Z=925.711) RuntimeGrid:None EditorOnly:0 RuntimeOnly:0 HLODRelevant:0
 |   |   |- [+] [ 33]
 |   |   |   |- Guid:2FB58999456391D349DC0F86DAC136ED BaseClass: NativeClass:/Script/Engine.SkyLight Name:SkyLight_1 Label:SkyLight SpatiallyLoaded:0 Bounds:IsValid=true, Min=(X=0.000 Y=0.000 Z=690.000), Max=(X=0.000 Y=0.000 Z=690.000) RuntimeGrid:None EditorOnly:0 RuntimeOnly:0 HLODRelevant:0 FolderPath:Lighting FolderGuid:963EC3EB4002CCE9759E2EBA541A873A
 |   |   |- [+] [ 34]
 |   |   |   |- Guid:A91F90D3468CD57DB9FEC49F0DD5F9EA BaseClass: NativeClass:/Script/Engine.StaticMeshActor Name:StaticMeshActor_UAID_A4BB6D9AB85A1EAF01_1437411241 Label:Cylinder SpatiallyLoaded:1 Bounds:IsValid=true, Min=(X=-3481.717 Y=-22891.165 Z=42.509), Max=(X=-3331.717 Y=-22741.165 Z=73.519) RuntimeGrid:None EditorOnly:0 RuntimeOnly:0 HLODRelevant:1
 |   |   |- [+] [ 35]
 |   |   |   |- Guid:5FCD3ED447840A9107CD8ABC81A7EFE0 BaseClass: NativeClass:/Script/Engine.StaticMeshActor Name:StaticMeshActor_UAID_A4BB6D9AB85A22AF01_1596991026 Label:Boolean6 SpatiallyLoaded:1 Bounds:IsValid=true, Min=(X=-2335.547 Y=1042.321 Z=-25.753), Max=(X=-2269.944 Y=2216.674 Z=1138.389) RuntimeGrid:None EditorOnly:0 RuntimeOnly:0 HLODRelevant:0
 |   |   |- [+] [ 36]
 |   |   |   |- Guid:BA323CF54D85279446C0D5839326D988 BaseClass: NativeClass:/Script/Engine.StaticMeshActor Name:StaticMeshActor_UAID_A4BB6D9AB85A22AF01_1588028025 Label:Boolean5 SpatiallyLoaded:1 Bounds:IsValid=true, Min=(X=-3773.996 Y=2156.696 Z=-25.753), Max=(X=-931.495 Y=2222.299 Z=1138.389) RuntimeGrid:None EditorOnly:0 RuntimeOnly:0 HLODRelevant:0
 |   |   |- [+] [ 37]
 |   |   |   |- Guid:24BCBE9740023BBBC24B5B8A4AD994B9 BaseClass: NativeClass:/Script/Engine.StaticMeshActor Name:StaticMeshActor_UAID_A4BB6D9AB85A1EAF01_2109860244 Label:Box2 SpatiallyLoaded:1 Bounds:IsValid=true, Min=(X=-3746.762 Y=-2583.305 Z=-25.753), Max=(X=2601.271 Y=-2517.701 Z=1138.389) RuntimeGrid:None EditorOnly:0 RuntimeOnly:0 HLODRelevant:0
 |   |   |- [+] [ 38]
 |   |   |   |- Guid:B620FABB45AD221978246AB37A552AFE BaseClass: NativeClass:/Script/Engine.StaticMeshActor Name:StaticMeshActor_UAID_A4BB6D9AB85A22AF01_1633782032 Label:Boolean2 SpatiallyLoaded:1 Bounds:IsValid=true, Min=(X=-961.592 Y=-2588.713 Z=-25.753), Max=(X=-895.988 Y=5144.338 Z=1138.389) RuntimeGrid:None EditorOnly:0 RuntimeOnly:0 HLODRelevant:0
 |   |   |- [+] [ 39]
 |   |   |   |- Guid:2B1FD6B54456E226579372AD452EBBB0 BaseClass: NativeClass:/Script/Engine.StaticMeshActor Name:StaticMeshActor_UAID_A4BB6D9AB85A21AF01_1524406821 Label:Box27 SpatiallyLoaded:1 Bounds:IsValid=true, Min=(X=1979.115 Y=-2533.323 Z=-20.000), Max=(X=2540.885 Y=-886.677 Z=425.940) RuntimeGrid:None EditorOnly:0 RuntimeOnly:0 HLODRelevant:0
 |   |   |- [+] [ 40]
 |   |   |   |- Guid:264080B542BD1F75BD0DFEAD79E1D4AF BaseClass: NativeClass:/Script/Engine.StaticMeshActor Name:StaticMeshActor_UAID_A4BB6D9AB85A21AF01_2065372825 Label:Box30 SpatiallyLoaded:1 Bounds:IsValid=true, Min=(X=152.047 Y=2948.483 Z=-20.000), Max=(X=1567.953 Y=3391.517 Z=419.126) RuntimeGrid:None EditorOnly:0 RuntimeOnly:0 HLODRelevant:0
 |   |   |- [+] [ 41]
 |   |   |   |- Guid:DC5620AE4BA2BEB8EA524FB15E52E9C4 BaseClass: NativeClass:/Script/Engine.StaticMeshActor Name:StaticMeshActor_UAID_A4BB6D9AB85A1FAF01_1183085423 Label:Stairs SpatiallyLoaded:1 Bounds:IsValid=true, Min=(X=-2530.554 Y=4602.187 Z=44.862), Max=(X=-1817.261 Y=5126.802 Z=520.391) RuntimeGrid:None EditorOnly:0 RuntimeOnly:0 HLODRelevant:0
 |   |   |- [+] [ 42]
 |   |   |   |- Guid:3A00AA1C422CE54C0BDB60BAF471BFBB BaseClass: NativeClass:/Script/Engine.PlayerStart Name:PlayerStart_0 Label:PlayerStart SpatiallyLoaded:0 Bounds:IsValid=true, Min=(X=860.000 Y=1070.000 Z=0.013), Max=(X=940.000 Y=1150.000 Z=184.013) RuntimeGrid:None EditorOnly:0 RuntimeOnly:0 HLODRelevant:0
 |   |   |- [+] [ 43]
 |   |   |   |- Guid:356FB4BC44DEEAEA726D86904FB80CB8 BaseClass: NativeClass:/Script/Engine.StaticMeshActor Name:StaticMeshActor_UAID_A4BB6D9AB85A1FAF01_1377235428 Label:Box5 SpatiallyLoaded:1 Bounds:IsValid=true, Min=(X=-2967.670 Y=4602.330 Z=50.000), Max=(X=-2512.330 Y=5057.670 Z=505.340) RuntimeGrid:None EditorOnly:0 RuntimeOnly:0 HLODRelevant:0
 |   |   |- [+] [ 44]
 |   |   |   |- Guid:2AE8D5E241B7CC3457EE8DB607349950 BaseClass: NativeClass:/Script/Engine.StaticMeshActor Name:StaticMeshActor_UAID_A4BB6D9AB85A22AF01_1625834031 Label:Boolean SpatiallyLoaded:1 Bounds:IsValid=true, Min=(X=2528.408 Y=-2588.713 Z=-25.753), Max=(X=2594.012 Y=5144.338 Z=1138.389) RuntimeGrid:None EditorOnly:0 RuntimeOnly:0 HLODRelevant:0
 |   |   |- [+] [ 45]
 |   |   |   |- Guid:3F3AA7CC478758146B64258B00C5F02E BaseClass: NativeClass:/Script/Engine.StaticMeshActor Name:StaticMeshActor_UAID_A4BB6D9AB85A21AF01_1456614819 Label:Box26 SpatiallyLoaded:1 Bounds:IsValid=true, Min=(X=-264.201 Y=-2571.379 Z=-20.000), Max=(X=2184.201 Y=-2088.621 Z=425.940) RuntimeGrid:None EditorOnly:0 RuntimeOnly:0 HLODRelevant:0
 |   |   |- [+] [ 46]
 |   |   |   |- Guid:72547C7E427A0B8C925DAABBB84E9559 BaseClass: NativeClass:/Script/Engine.StaticMeshActor Name:StaticMeshActor_UAID_A4BB6D9AB85A22AF01_1258384013 Label:Boolean4 SpatiallyLoaded:1 Bounds:IsValid=true, Min=(X=2695.624 Y=-1339.177 Z=50.000), Max=(X=3314.011 Y=-680.823 Z=411.006) RuntimeGrid:None EditorOnly:0 RuntimeOnly:0 HLODRelevant:0
 |   |   |- [+] [ 47]
 |   |   |   |- Guid:FE5C74B4487F92B8B693FC9928394643 BaseClass:/Game/Jamifesto2023/Blueprints/Components/Bp_LapLine.Bp_LapLine_C NativeClass:/Script/Engine.Actor Name:Bp_LapLine_C_UAID_047C16752F6930AF01_1663154407 Label:Bp_LapLine SpatiallyLoaded:1 Bounds:IsValid=true, Min=(X=12.500 Y=1725.000 Z=50.000), Max=(X=1587.500 Y=1775.000 Z=50.000) RuntimeGrid:None EditorOnly:0 RuntimeOnly:0 HLODRelevant:0
 |- ContainerInstances:
 |- [+] MainContainer:
 |   |-        ID: 0x0000000000000000
 |   |-    Bounds: IsValid=false, Min=(X=0.000 Y=0.000 Z=0.000), Max=(X=0.000 Y=0.000 Z=0.000)
 |   |- Transform: 0.000000,0.000000,0.000000|0.000000,0.000000,-0.000000|1.000000,1.000000,1.000000
 |   |- Container: /Game/ThirdPerson/Maps/ThirdPersonMap
----------------------------------------------------------------------------------------------------------------
ThirdPersonMap - Persistent Level
----------------------------------------------------------------------------------------------------------------
Always loaded Actor Count: 56 

----------------------------------------------------------------------------------------------------------------
ThirdPersonMap - Runtime Spatial Hash - Streaming Grid - MainGrid
----------------------------------------------------------------------------------------------------------------
            Origin: X=0.000 Y=0.000 Z=0.000
         Cell Size: 12800
      World Bounds: IsValid=false, Min=(X=0.000 Y=0.000 Z=0.000), Max=(X=0.000 Y=0.000 Z=0.000)
     Loading Range: 25600.00
Block Slow Loading: No
 ClientOnlyVisible: No

[+] Grid Levels: 1
 |- Level  0: Cell Count    0 | Cell Size   12800 | Actor Count    0 (0.0%)

[+] Content of Grid Level 0

